<?xml version="1.0" encoding="UTF-8"?>
<robot generator="Robot 5.0.1 (Python 3.9.13 on win32)" generated="20230124 10:20:14.428" rpa="true" schemaversion="3">
<suite id="s1" name="Consumer" source="c:\Users\kamma.naveen\Documents\RoboCorp\Stardex\consumer.robot">
<test id="s1-t1" name="consumer" line="15">
<kw name="Load JSON from file" library="RPA.JSON">
<var>${config}</var>
<arg>config.json</arg>
<doc>Load JSON data from a file, and return it as JSON serializable object.
Depending on the input file the object can be either a dictionary,
a list, or a scalar value.</doc>
<msg timestamp="20230124 10:20:26.671" level="INFO">Loading JSON from file: config.json</msg>
<msg timestamp="20230124 10:20:26.687" level="INFO">${config} = {'URL': 'https://stardex.com.ng/HR-On-boarding-Process-Form/', 'Input': 'OnBoarding Form.xlsx'}</msg>
<status status="PASS" starttime="20230124 10:20:26.671" endtime="20230124 10:20:26.687"/>
</kw>
<kw name="Set Variable" library="BuiltIn">
<var>${URL}</var>
<arg>${config}[URL]</arg>
<doc>Returns the given values which can then be assigned to a variables.</doc>
<msg timestamp="20230124 10:20:26.687" level="INFO">${URL} = https://stardex.com.ng/HR-On-boarding-Process-Form/</msg>
<status status="PASS" starttime="20230124 10:20:26.687" endtime="20230124 10:20:26.687"/>
</kw>
<try>
<branch type="TRY">
<kw name="Close Workbook" library="RPA.Excel.Files">
<doc>Close the active workbook.</doc>
<status status="PASS" starttime="20230124 10:20:26.700" endtime="20230124 10:20:26.700"/>
</kw>
<kw name="Set Variable" library="BuiltIn">
<var>${row}</var>
<arg>2</arg>
<doc>Returns the given values which can then be assigned to a variables.</doc>
<msg timestamp="20230124 10:20:26.700" level="INFO">${row} = 2</msg>
<status status="PASS" starttime="20230124 10:20:26.700" endtime="20230124 10:20:26.700"/>
</kw>
<kw name="find index">
<var>${index}</var>
<kw name="Open Workbook" library="RPA.Excel.Files">
<arg>OnBoarding Form.xlsx</arg>
<doc>Open an existing Excel workbook.</doc>
<msg timestamp="20230124 10:20:26.780" level="INFO">Opened workbook: &lt;RPA.Excel.Files.XlsxWorkbook object at 0x000001E8A97DAE50&gt;</msg>
<status status="PASS" starttime="20230124 10:20:26.709" endtime="20230124 10:20:26.780"/>
</kw>
<kw name="Set Active Worksheet" library="RPA.Excel.Files">
<arg>Sheet1</arg>
<doc>Set the active worksheet.</doc>
<status status="PASS" starttime="20230124 10:20:26.780" endtime="20230124 10:20:26.780"/>
</kw>
<kw name="Read Worksheet As Table" library="RPA.Excel.Files">
<var>${table}</var>
<arg>header=true</arg>
<doc>Read the contents of a worksheet into a Table container. Allows
sorting/filtering/manipulating using the ``RPA.Tables`` library.</doc>
<msg timestamp="20230124 10:20:26.813" level="INFO">Created table: Table(columns=['Employee ID', 'Email', 'First Name', 'Last Name', 'Date of birth', 'Designation', 'Phone Number', 'Gender', 'Status'], rows=11)</msg>
<msg timestamp="20230124 10:20:26.813" level="INFO">${table} = Table(columns=['Employee ID', 'Email', 'First Name', 'Last Name', 'Date of birth', 'Designation', 'Phone Number', 'Gender', 'Status'], rows=11)</msg>
<status status="PASS" starttime="20230124 10:20:26.780" endtime="20230124 10:20:26.813"/>
</kw>
<for flavor="IN">
<var>${i}</var>
<value>RANGE</value>
<value>@{table}</value>
<iter>
<var name="${i}">RANGE</var>
<kw name="Set Variable" library="BuiltIn">
<var>${counter}</var>
<arg>1</arg>
<doc>Returns the given values which can then be assigned to a variables.</doc>
<msg timestamp="20230124 10:20:26.822" level="INFO">${counter} = 1</msg>
<status status="PASS" starttime="20230124 10:20:26.813" endtime="20230124 10:20:26.822"/>
</kw>
<if>
<branch type="IF" condition="${counter} == 1">
<kw name="Convert To List" library="Collections">
<var>${list}</var>
<arg>${i}</arg>
<doc>Converts the given ``item`` to a Python ``list`` type.</doc>
<msg timestamp="20230124 10:20:26.822" level="INFO">${list} = ['R', 'A', 'N', 'G', 'E']</msg>
<status status="PASS" starttime="20230124 10:20:26.822" endtime="20230124 10:20:26.822"/>
</kw>
<kw name="Log" library="BuiltIn">
<arg>${list}</arg>
<doc>Logs the given message with the given level.</doc>
<msg timestamp="20230124 10:20:26.822" level="INFO">['R', 'A', 'N', 'G', 'E']</msg>
<status status="PASS" starttime="20230124 10:20:26.822" endtime="20230124 10:20:26.822"/>
</kw>
<kw name="Get Index From List" library="Collections">
<var>${index}</var>
<arg>${list}</arg>
<arg>Status</arg>
<doc>Returns the index of the first occurrence of the ``value`` on the list.</doc>
<msg timestamp="20230124 10:20:26.832" level="INFO">${index} = -1</msg>
<status status="PASS" starttime="20230124 10:20:26.822" endtime="20230124 10:20:26.832"/>
</kw>
<kw name="Evaluate" library="BuiltIn">
<var>${counter}</var>
<arg>${counter}+1</arg>
<doc>Evaluates the given expression in Python and returns the result.</doc>
<msg timestamp="20230124 10:20:26.832" level="INFO">${counter} = 2</msg>
<status status="PASS" starttime="20230124 10:20:26.832" endtime="20230124 10:20:26.832"/>
</kw>
<kw name="Log" library="BuiltIn">
<arg>${index}</arg>
<doc>Logs the given message with the given level.</doc>
<msg timestamp="20230124 10:20:26.832" level="INFO">-1</msg>
<status status="PASS" starttime="20230124 10:20:26.832" endtime="20230124 10:20:26.832"/>
</kw>
<status status="PASS" starttime="20230124 10:20:26.822" endtime="20230124 10:20:26.832"/>
</branch>
<branch type="ELSE">
<kw name="Log" library="BuiltIn">
<arg>message</arg>
<doc>Logs the given message with the given level.</doc>
<status status="NOT RUN" starttime="20230124 10:20:26.832" endtime="20230124 10:20:26.832"/>
</kw>
<status status="NOT RUN" starttime="20230124 10:20:26.832" endtime="20230124 10:20:26.832"/>
</branch>
<status status="PASS" starttime="20230124 10:20:26.822" endtime="20230124 10:20:26.832"/>
</if>
<status status="PASS" starttime="20230124 10:20:26.813" endtime="20230124 10:20:26.840"/>
</iter>
<iter>
<var name="${i}">{'Employee ID': 3567, 'Email': 'ZacharyBDunn@rhyta.com', 'First Name': 'Dunn', 'Last Name': 'Zachary\xa0', 'Date of birth': datetime.datetime(1954, 11, 24, 0, 0), 'Designation': 'Information systems m...</var>
<kw name="Set Variable" library="BuiltIn">
<var>${counter}</var>
<arg>1</arg>
<doc>Returns the given values which can then be assigned to a variables.</doc>
<msg timestamp="20230124 10:20:26.841" level="INFO">${counter} = 1</msg>
<status status="PASS" starttime="20230124 10:20:26.841" endtime="20230124 10:20:26.841"/>
</kw>
<if>
<branch type="IF" condition="${counter} == 1">
<kw name="Convert To List" library="Collections">
<var>${list}</var>
<arg>${i}</arg>
<doc>Converts the given ``item`` to a Python ``list`` type.</doc>
<msg timestamp="20230124 10:20:26.847" level="INFO">${list} = ['Employee ID', 'Email', 'First Name', 'Last Name', 'Date of birth', 'Designation', 'Phone Number', 'Gender', 'Status']</msg>
<status status="PASS" starttime="20230124 10:20:26.841" endtime="20230124 10:20:26.847"/>
</kw>
<kw name="Log" library="BuiltIn">
<arg>${list}</arg>
<doc>Logs the given message with the given level.</doc>
<msg timestamp="20230124 10:20:26.847" level="INFO">['Employee ID', 'Email', 'First Name', 'Last Name', 'Date of birth', 'Designation', 'Phone Number', 'Gender', 'Status']</msg>
<status status="PASS" starttime="20230124 10:20:26.847" endtime="20230124 10:20:26.847"/>
</kw>
<kw name="Get Index From List" library="Collections">
<var>${index}</var>
<arg>${list}</arg>
<arg>Status</arg>
<doc>Returns the index of the first occurrence of the ``value`` on the list.</doc>
<msg timestamp="20230124 10:20:26.847" level="INFO">${index} = 8</msg>
<status status="PASS" starttime="20230124 10:20:26.847" endtime="20230124 10:20:26.847"/>
</kw>
<kw name="Evaluate" library="BuiltIn">
<var>${counter}</var>
<arg>${counter}+1</arg>
<doc>Evaluates the given expression in Python and returns the result.</doc>
<msg timestamp="20230124 10:20:26.856" level="INFO">${counter} = 2</msg>
<status status="PASS" starttime="20230124 10:20:26.847" endtime="20230124 10:20:26.856"/>
</kw>
<kw name="Log" library="BuiltIn">
<arg>${index}</arg>
<doc>Logs the given message with the given level.</doc>
<msg timestamp="20230124 10:20:26.856" level="INFO">8</msg>
<status status="PASS" starttime="20230124 10:20:26.856" endtime="20230124 10:20:26.856"/>
</kw>
<status status="PASS" starttime="20230124 10:20:26.841" endtime="20230124 10:20:26.856"/>
</branch>
<branch type="ELSE">
<kw name="Log" library="BuiltIn">
<arg>message</arg>
<doc>Logs the given message with the given level.</doc>
<status status="NOT RUN" starttime="20230124 10:20:26.856" endtime="20230124 10:20:26.856"/>
</kw>
<status status="NOT RUN" starttime="20230124 10:20:26.856" endtime="20230124 10:20:26.856"/>
</branch>
<status status="PASS" starttime="20230124 10:20:26.841" endtime="20230124 10:20:26.856"/>
</if>
<status status="PASS" starttime="20230124 10:20:26.841" endtime="20230124 10:20:26.856"/>
</iter>
<iter>
<var name="${i}">{'Employee ID': '2880\xa0', 'Email': 'GeorgeNOtwell@teleworm.us', 'First Name': 'Otwell', 'Last Name': 'George\xa0', 'Date of birth': datetime.datetime(1942, 7, 9, 0, 0), 'Designation': 'Watch repaire...</var>
<kw name="Set Variable" library="BuiltIn">
<var>${counter}</var>
<arg>1</arg>
<doc>Returns the given values which can then be assigned to a variables.</doc>
<msg timestamp="20230124 10:20:26.866" level="INFO">${counter} = 1</msg>
<status status="PASS" starttime="20230124 10:20:26.856" endtime="20230124 10:20:26.867"/>
</kw>
<if>
<branch type="IF" condition="${counter} == 1">
<kw name="Convert To List" library="Collections">
<var>${list}</var>
<arg>${i}</arg>
<doc>Converts the given ``item`` to a Python ``list`` type.</doc>
<msg timestamp="20230124 10:20:26.869" level="INFO">${list} = ['Employee ID', 'Email', 'First Name', 'Last Name', 'Date of birth', 'Designation', 'Phone Number', 'Gender', 'Status']</msg>
<status status="PASS" starttime="20230124 10:20:26.868" endtime="20230124 10:20:26.870"/>
</kw>
<kw name="Log" library="BuiltIn">
<arg>${list}</arg>
<doc>Logs the given message with the given level.</doc>
<msg timestamp="20230124 10:20:26.871" level="INFO">['Employee ID', 'Email', 'First Name', 'Last Name', 'Date of birth', 'Designation', 'Phone Number', 'Gender', 'Status']</msg>
<status status="PASS" starttime="20230124 10:20:26.870" endtime="20230124 10:20:26.871"/>
</kw>
<kw name="Get Index From List" library="Collections">
<var>${index}</var>
<arg>${list}</arg>
<arg>Status</arg>
<doc>Returns the index of the first occurrence of the ``value`` on the list.</doc>
<msg timestamp="20230124 10:20:26.873" level="INFO">${index} = 8</msg>
<status status="PASS" starttime="20230124 10:20:26.872" endtime="20230124 10:20:26.873"/>
</kw>
<kw name="Evaluate" library="BuiltIn">
<var>${counter}</var>
<arg>${counter}+1</arg>
<doc>Evaluates the given expression in Python and returns the result.</doc>
<msg timestamp="20230124 10:20:26.875" level="INFO">${counter} = 2</msg>
<status status="PASS" starttime="20230124 10:20:26.874" endtime="20230124 10:20:26.875"/>
</kw>
<kw name="Log" library="BuiltIn">
<arg>${index}</arg>
<doc>Logs the given message with the given level.</doc>
<msg timestamp="20230124 10:20:26.877" level="INFO">8</msg>
<status status="PASS" starttime="20230124 10:20:26.876" endtime="20230124 10:20:26.877"/>
</kw>
<status status="PASS" starttime="20230124 10:20:26.868" endtime="20230124 10:20:26.877"/>
</branch>
<branch type="ELSE">
<kw name="Log" library="BuiltIn">
<arg>message</arg>
<doc>Logs the given message with the given level.</doc>
<status status="NOT RUN" starttime="20230124 10:20:26.878" endtime="20230124 10:20:26.879"/>
</kw>
<status status="NOT RUN" starttime="20230124 10:20:26.878" endtime="20230124 10:20:26.881"/>
</branch>
<status status="PASS" starttime="20230124 10:20:26.867" endtime="20230124 10:20:26.883"/>
</if>
<status status="PASS" starttime="20230124 10:20:26.856" endtime="20230124 10:20:26.883"/>
</iter>
<iter>
<var name="${i}">{'Employee ID': 1881, 'Email': 'TimothyMAbramowitz@armyspy.com', 'First Name': 'Abramowitz', 'Last Name': 'Timothy', 'Date of birth': datetime.datetime(1953, 12, 2, 0, 0), 'Designation': 'Floor broker...</var>
<kw name="Set Variable" library="BuiltIn">
<var>${counter}</var>
<arg>1</arg>
<doc>Returns the given values which can then be assigned to a variables.</doc>
<msg timestamp="20230124 10:20:26.886" level="INFO">${counter} = 1</msg>
<status status="PASS" starttime="20230124 10:20:26.885" endtime="20230124 10:20:26.886"/>
</kw>
<if>
<branch type="IF" condition="${counter} == 1">
<kw name="Convert To List" library="Collections">
<var>${list}</var>
<arg>${i}</arg>
<doc>Converts the given ``item`` to a Python ``list`` type.</doc>
<msg timestamp="20230124 10:20:26.888" level="INFO">${list} = ['Employee ID', 'Email', 'First Name', 'Last Name', 'Date of birth', 'Designation', 'Phone Number', 'Gender', 'Status']</msg>
<status status="PASS" starttime="20230124 10:20:26.888" endtime="20230124 10:20:26.888"/>
</kw>
<kw name="Log" library="BuiltIn">
<arg>${list}</arg>
<doc>Logs the given message with the given level.</doc>
<msg timestamp="20230124 10:20:26.888" level="INFO">['Employee ID', 'Email', 'First Name', 'Last Name', 'Date of birth', 'Designation', 'Phone Number', 'Gender', 'Status']</msg>
<status status="PASS" starttime="20230124 10:20:26.888" endtime="20230124 10:20:26.888"/>
</kw>
<kw name="Get Index From List" library="Collections">
<var>${index}</var>
<arg>${list}</arg>
<arg>Status</arg>
<doc>Returns the index of the first occurrence of the ``value`` on the list.</doc>
<msg timestamp="20230124 10:20:26.888" level="INFO">${index} = 8</msg>
<status status="PASS" starttime="20230124 10:20:26.888" endtime="20230124 10:20:26.888"/>
</kw>
<kw name="Evaluate" library="BuiltIn">
<var>${counter}</var>
<arg>${counter}+1</arg>
<doc>Evaluates the given expression in Python and returns the result.</doc>
<msg timestamp="20230124 10:20:26.897" level="INFO">${counter} = 2</msg>
<status status="PASS" starttime="20230124 10:20:26.888" endtime="20230124 10:20:26.897"/>
</kw>
<kw name="Log" library="BuiltIn">
<arg>${index}</arg>
<doc>Logs the given message with the given level.</doc>
<msg timestamp="20230124 10:20:26.897" level="INFO">8</msg>
<status status="PASS" starttime="20230124 10:20:26.897" endtime="20230124 10:20:26.897"/>
</kw>
<status status="PASS" starttime="20230124 10:20:26.887" endtime="20230124 10:20:26.897"/>
</branch>
<branch type="ELSE">
<kw name="Log" library="BuiltIn">
<arg>message</arg>
<doc>Logs the given message with the given level.</doc>
<status status="NOT RUN" starttime="20230124 10:20:26.897" endtime="20230124 10:20:26.897"/>
</kw>
<status status="NOT RUN" starttime="20230124 10:20:26.897" endtime="20230124 10:20:26.897"/>
</branch>
<status status="PASS" starttime="20230124 10:20:26.886" endtime="20230124 10:20:26.897"/>
</if>
<status status="PASS" starttime="20230124 10:20:26.884" endtime="20230124 10:20:26.897"/>
</iter>
<iter>
<var name="${i}">{'Employee ID': 786, 'Email': 'SteveLWestfall@jourrapide.com', 'First Name': 'Westfall', 'Last Name': 'Steve', 'Date of birth': datetime.datetime(1957, 12, 22, 0, 0), 'Designation': 'Fish cleaner', 'P...</var>
<kw name="Set Variable" library="BuiltIn">
<var>${counter}</var>
<arg>1</arg>
<doc>Returns the given values which can then be assigned to a variables.</doc>
<msg timestamp="20230124 10:20:26.906" level="INFO">${counter} = 1</msg>
<status status="PASS" starttime="20230124 10:20:26.906" endtime="20230124 10:20:26.906"/>
</kw>
<if>
<branch type="IF" condition="${counter} == 1">
<kw name="Convert To List" library="Collections">
<var>${list}</var>
<arg>${i}</arg>
<doc>Converts the given ``item`` to a Python ``list`` type.</doc>
<msg timestamp="20230124 10:20:26.906" level="INFO">${list} = ['Employee ID', 'Email', 'First Name', 'Last Name', 'Date of birth', 'Designation', 'Phone Number', 'Gender', 'Status']</msg>
<status status="PASS" starttime="20230124 10:20:26.906" endtime="20230124 10:20:26.906"/>
</kw>
<kw name="Log" library="BuiltIn">
<arg>${list}</arg>
<doc>Logs the given message with the given level.</doc>
<msg timestamp="20230124 10:20:26.914" level="INFO">['Employee ID', 'Email', 'First Name', 'Last Name', 'Date of birth', 'Designation', 'Phone Number', 'Gender', 'Status']</msg>
<status status="PASS" starttime="20230124 10:20:26.906" endtime="20230124 10:20:26.914"/>
</kw>
<kw name="Get Index From List" library="Collections">
<var>${index}</var>
<arg>${list}</arg>
<arg>Status</arg>
<doc>Returns the index of the first occurrence of the ``value`` on the list.</doc>
<msg timestamp="20230124 10:20:26.914" level="INFO">${index} = 8</msg>
<status status="PASS" starttime="20230124 10:20:26.914" endtime="20230124 10:20:26.914"/>
</kw>
<kw name="Evaluate" library="BuiltIn">
<var>${counter}</var>
<arg>${counter}+1</arg>
<doc>Evaluates the given expression in Python and returns the result.</doc>
<msg timestamp="20230124 10:20:26.914" level="INFO">${counter} = 2</msg>
<status status="PASS" starttime="20230124 10:20:26.914" endtime="20230124 10:20:26.914"/>
</kw>
<kw name="Log" library="BuiltIn">
<arg>${index}</arg>
<doc>Logs the given message with the given level.</doc>
<msg timestamp="20230124 10:20:26.914" level="INFO">8</msg>
<status status="PASS" starttime="20230124 10:20:26.914" endtime="20230124 10:20:26.922"/>
</kw>
<status status="PASS" starttime="20230124 10:20:26.906" endtime="20230124 10:20:26.922"/>
</branch>
<branch type="ELSE">
<kw name="Log" library="BuiltIn">
<arg>message</arg>
<doc>Logs the given message with the given level.</doc>
<status status="NOT RUN" starttime="20230124 10:20:26.924" endtime="20230124 10:20:26.924"/>
</kw>
<status status="NOT RUN" starttime="20230124 10:20:26.923" endtime="20230124 10:20:26.924"/>
</branch>
<status status="PASS" starttime="20230124 10:20:26.906" endtime="20230124 10:20:26.925"/>
</if>
<status status="PASS" starttime="20230124 10:20:26.906" endtime="20230124 10:20:26.925"/>
</iter>
<iter>
<var name="${i}">{'Employee ID': '2615\xa0', 'Email': 'ClaraRNelson@armyspy.com', 'First Name': 'Clara', 'Last Name': 'Nelson', 'Date of birth': datetime.datetime(1994, 2, 12, 0, 0), 'Designation': 'Instructional coac...</var>
<kw name="Set Variable" library="BuiltIn">
<var>${counter}</var>
<arg>1</arg>
<doc>Returns the given values which can then be assigned to a variables.</doc>
<msg timestamp="20230124 10:20:26.927" level="INFO">${counter} = 1</msg>
<status status="PASS" starttime="20230124 10:20:26.926" endtime="20230124 10:20:26.927"/>
</kw>
<if>
<branch type="IF" condition="${counter} == 1">
<kw name="Convert To List" library="Collections">
<var>${list}</var>
<arg>${i}</arg>
<doc>Converts the given ``item`` to a Python ``list`` type.</doc>
<msg timestamp="20230124 10:20:26.930" level="INFO">${list} = ['Employee ID', 'Email', 'First Name', 'Last Name', 'Date of birth', 'Designation', 'Phone Number', 'Gender', 'Status']</msg>
<status status="PASS" starttime="20230124 10:20:26.929" endtime="20230124 10:20:26.930"/>
</kw>
<kw name="Log" library="BuiltIn">
<arg>${list}</arg>
<doc>Logs the given message with the given level.</doc>
<msg timestamp="20230124 10:20:26.930" level="INFO">['Employee ID', 'Email', 'First Name', 'Last Name', 'Date of birth', 'Designation', 'Phone Number', 'Gender', 'Status']</msg>
<status status="PASS" starttime="20230124 10:20:26.930" endtime="20230124 10:20:26.930"/>
</kw>
<kw name="Get Index From List" library="Collections">
<var>${index}</var>
<arg>${list}</arg>
<arg>Status</arg>
<doc>Returns the index of the first occurrence of the ``value`` on the list.</doc>
<msg timestamp="20230124 10:20:26.930" level="INFO">${index} = 8</msg>
<status status="PASS" starttime="20230124 10:20:26.930" endtime="20230124 10:20:26.930"/>
</kw>
<kw name="Evaluate" library="BuiltIn">
<var>${counter}</var>
<arg>${counter}+1</arg>
<doc>Evaluates the given expression in Python and returns the result.</doc>
<msg timestamp="20230124 10:20:26.939" level="INFO">${counter} = 2</msg>
<status status="PASS" starttime="20230124 10:20:26.930" endtime="20230124 10:20:26.939"/>
</kw>
<kw name="Log" library="BuiltIn">
<arg>${index}</arg>
<doc>Logs the given message with the given level.</doc>
<msg timestamp="20230124 10:20:26.939" level="INFO">8</msg>
<status status="PASS" starttime="20230124 10:20:26.939" endtime="20230124 10:20:26.939"/>
</kw>
<status status="PASS" starttime="20230124 10:20:26.929" endtime="20230124 10:20:26.939"/>
</branch>
<branch type="ELSE">
<kw name="Log" library="BuiltIn">
<arg>message</arg>
<doc>Logs the given message with the given level.</doc>
<status status="NOT RUN" starttime="20230124 10:20:26.939" endtime="20230124 10:20:26.939"/>
</kw>
<status status="NOT RUN" starttime="20230124 10:20:26.939" endtime="20230124 10:20:26.939"/>
</branch>
<status status="PASS" starttime="20230124 10:20:26.928" endtime="20230124 10:20:26.939"/>
</if>
<status status="PASS" starttime="20230124 10:20:26.925" endtime="20230124 10:20:26.939"/>
</iter>
<iter>
<var name="${i}">{'Employee ID': '2226\xa0', 'Email': 'HildaBHernandez@rhyta.com', 'First Name': 'Hilda\xa0', 'Last Name': 'Hernandez', 'Date of birth': datetime.datetime(1966, 12, 2, 0, 0), 'Designation': 'Watch repa...</var>
<kw name="Set Variable" library="BuiltIn">
<var>${counter}</var>
<arg>1</arg>
<doc>Returns the given values which can then be assigned to a variables.</doc>
<msg timestamp="20230124 10:20:26.939" level="INFO">${counter} = 1</msg>
<status status="PASS" starttime="20230124 10:20:26.939" endtime="20230124 10:20:26.939"/>
</kw>
<if>
<branch type="IF" condition="${counter} == 1">
<kw name="Convert To List" library="Collections">
<var>${list}</var>
<arg>${i}</arg>
<doc>Converts the given ``item`` to a Python ``list`` type.</doc>
<msg timestamp="20230124 10:20:26.950" level="INFO">${list} = ['Employee ID', 'Email', 'First Name', 'Last Name', 'Date of birth', 'Designation', 'Phone Number', 'Gender', 'Status']</msg>
<status status="PASS" starttime="20230124 10:20:26.950" endtime="20230124 10:20:26.950"/>
</kw>
<kw name="Log" library="BuiltIn">
<arg>${list}</arg>
<doc>Logs the given message with the given level.</doc>
<msg timestamp="20230124 10:20:26.950" level="INFO">['Employee ID', 'Email', 'First Name', 'Last Name', 'Date of birth', 'Designation', 'Phone Number', 'Gender', 'Status']</msg>
<status status="PASS" starttime="20230124 10:20:26.950" endtime="20230124 10:20:26.950"/>
</kw>
<kw name="Get Index From List" library="Collections">
<var>${index}</var>
<arg>${list}</arg>
<arg>Status</arg>
<doc>Returns the index of the first occurrence of the ``value`` on the list.</doc>
<msg timestamp="20230124 10:20:26.950" level="INFO">${index} = 8</msg>
<status status="PASS" starttime="20230124 10:20:26.950" endtime="20230124 10:20:26.950"/>
</kw>
<kw name="Evaluate" library="BuiltIn">
<var>${counter}</var>
<arg>${counter}+1</arg>
<doc>Evaluates the given expression in Python and returns the result.</doc>
<msg timestamp="20230124 10:20:26.950" level="INFO">${counter} = 2</msg>
<status status="PASS" starttime="20230124 10:20:26.950" endtime="20230124 10:20:26.950"/>
</kw>
<kw name="Log" library="BuiltIn">
<arg>${index}</arg>
<doc>Logs the given message with the given level.</doc>
<msg timestamp="20230124 10:20:26.958" level="INFO">8</msg>
<status status="PASS" starttime="20230124 10:20:26.958" endtime="20230124 10:20:26.958"/>
</kw>
<status status="PASS" starttime="20230124 10:20:26.950" endtime="20230124 10:20:26.958"/>
</branch>
<branch type="ELSE">
<kw name="Log" library="BuiltIn">
<arg>message</arg>
<doc>Logs the given message with the given level.</doc>
<status status="NOT RUN" starttime="20230124 10:20:26.958" endtime="20230124 10:20:26.958"/>
</kw>
<status status="NOT RUN" starttime="20230124 10:20:26.958" endtime="20230124 10:20:26.963"/>
</branch>
<status status="PASS" starttime="20230124 10:20:26.946" endtime="20230124 10:20:26.963"/>
</if>
<status status="PASS" starttime="20230124 10:20:26.939" endtime="20230124 10:20:26.963"/>
</iter>
<iter>
<var name="${i}">{'Employee ID': '1209\xa0', 'Email': 'BryanHGriffin@armyspy.com', 'First Name': 'Bryan\xa0', 'Last Name': 'Griffin', 'Date of birth': datetime.datetime(1948, 9, 28, 0, 0), 'Designation': 'Technologist...</var>
<kw name="Set Variable" library="BuiltIn">
<var>${counter}</var>
<arg>1</arg>
<doc>Returns the given values which can then be assigned to a variables.</doc>
<msg timestamp="20230124 10:20:26.963" level="INFO">${counter} = 1</msg>
<status status="PASS" starttime="20230124 10:20:26.963" endtime="20230124 10:20:26.963"/>
</kw>
<if>
<branch type="IF" condition="${counter} == 1">
<kw name="Convert To List" library="Collections">
<var>${list}</var>
<arg>${i}</arg>
<doc>Converts the given ``item`` to a Python ``list`` type.</doc>
<msg timestamp="20230124 10:20:26.971" level="INFO">${list} = ['Employee ID', 'Email', 'First Name', 'Last Name', 'Date of birth', 'Designation', 'Phone Number', 'Gender', 'Status']</msg>
<status status="PASS" starttime="20230124 10:20:26.963" endtime="20230124 10:20:26.971"/>
</kw>
<kw name="Log" library="BuiltIn">
<arg>${list}</arg>
<doc>Logs the given message with the given level.</doc>
<msg timestamp="20230124 10:20:26.971" level="INFO">['Employee ID', 'Email', 'First Name', 'Last Name', 'Date of birth', 'Designation', 'Phone Number', 'Gender', 'Status']</msg>
<status status="PASS" starttime="20230124 10:20:26.971" endtime="20230124 10:20:26.971"/>
</kw>
<kw name="Get Index From List" library="Collections">
<var>${index}</var>
<arg>${list}</arg>
<arg>Status</arg>
<doc>Returns the index of the first occurrence of the ``value`` on the list.</doc>
<msg timestamp="20230124 10:20:26.971" level="INFO">${index} = 8</msg>
<status status="PASS" starttime="20230124 10:20:26.971" endtime="20230124 10:20:26.971"/>
</kw>
<kw name="Evaluate" library="BuiltIn">
<var>${counter}</var>
<arg>${counter}+1</arg>
<doc>Evaluates the given expression in Python and returns the result.</doc>
<msg timestamp="20230124 10:20:26.971" level="INFO">${counter} = 2</msg>
<status status="PASS" starttime="20230124 10:20:26.971" endtime="20230124 10:20:26.971"/>
</kw>
<kw name="Log" library="BuiltIn">
<arg>${index}</arg>
<doc>Logs the given message with the given level.</doc>
<msg timestamp="20230124 10:20:26.979" level="INFO">8</msg>
<status status="PASS" starttime="20230124 10:20:26.971" endtime="20230124 10:20:26.979"/>
</kw>
<status status="PASS" starttime="20230124 10:20:26.963" endtime="20230124 10:20:26.979"/>
</branch>
<branch type="ELSE">
<kw name="Log" library="BuiltIn">
<arg>message</arg>
<doc>Logs the given message with the given level.</doc>
<status status="NOT RUN" starttime="20230124 10:20:26.979" endtime="20230124 10:20:26.979"/>
</kw>
<status status="NOT RUN" starttime="20230124 10:20:26.979" endtime="20230124 10:20:26.979"/>
</branch>
<status status="PASS" starttime="20230124 10:20:26.963" endtime="20230124 10:20:26.979"/>
</if>
<status status="PASS" starttime="20230124 10:20:26.963" endtime="20230124 10:20:26.979"/>
</iter>
<iter>
<var name="${i}">{'Employee ID': '1412\xa0', 'Email': 'ThomasMMoore@jourrapide.com', 'First Name': 'Thomas\xa0', 'Last Name': 'Moore', 'Date of birth': datetime.datetime(2002, 8, 6, 0, 0), 'Designation': 'Insulation w...</var>
<kw name="Set Variable" library="BuiltIn">
<var>${counter}</var>
<arg>1</arg>
<doc>Returns the given values which can then be assigned to a variables.</doc>
<msg timestamp="20230124 10:20:26.979" level="INFO">${counter} = 1</msg>
<status status="PASS" starttime="20230124 10:20:26.979" endtime="20230124 10:20:26.979"/>
</kw>
<if>
<branch type="IF" condition="${counter} == 1">
<kw name="Convert To List" library="Collections">
<var>${list}</var>
<arg>${i}</arg>
<doc>Converts the given ``item`` to a Python ``list`` type.</doc>
<msg timestamp="20230124 10:20:26.988" level="INFO">${list} = ['Employee ID', 'Email', 'First Name', 'Last Name', 'Date of birth', 'Designation', 'Phone Number', 'Gender', 'Status']</msg>
<status status="PASS" starttime="20230124 10:20:26.988" endtime="20230124 10:20:26.988"/>
</kw>
<kw name="Log" library="BuiltIn">
<arg>${list}</arg>
<doc>Logs the given message with the given level.</doc>
<msg timestamp="20230124 10:20:26.988" level="INFO">['Employee ID', 'Email', 'First Name', 'Last Name', 'Date of birth', 'Designation', 'Phone Number', 'Gender', 'Status']</msg>
<status status="PASS" starttime="20230124 10:20:26.988" endtime="20230124 10:20:26.988"/>
</kw>
<kw name="Get Index From List" library="Collections">
<var>${index}</var>
<arg>${list}</arg>
<arg>Status</arg>
<doc>Returns the index of the first occurrence of the ``value`` on the list.</doc>
<msg timestamp="20230124 10:20:26.988" level="INFO">${index} = 8</msg>
<status status="PASS" starttime="20230124 10:20:26.988" endtime="20230124 10:20:26.988"/>
</kw>
<kw name="Evaluate" library="BuiltIn">
<var>${counter}</var>
<arg>${counter}+1</arg>
<doc>Evaluates the given expression in Python and returns the result.</doc>
<msg timestamp="20230124 10:20:26.999" level="INFO">${counter} = 2</msg>
<status status="PASS" starttime="20230124 10:20:26.988" endtime="20230124 10:20:27.000"/>
</kw>
<kw name="Log" library="BuiltIn">
<arg>${index}</arg>
<doc>Logs the given message with the given level.</doc>
<msg timestamp="20230124 10:20:27.000" level="INFO">8</msg>
<status status="PASS" starttime="20230124 10:20:27.000" endtime="20230124 10:20:27.000"/>
</kw>
<status status="PASS" starttime="20230124 10:20:26.988" endtime="20230124 10:20:27.000"/>
</branch>
<branch type="ELSE">
<kw name="Log" library="BuiltIn">
<arg>message</arg>
<doc>Logs the given message with the given level.</doc>
<status status="NOT RUN" starttime="20230124 10:20:27.000" endtime="20230124 10:20:27.000"/>
</kw>
<status status="NOT RUN" starttime="20230124 10:20:27.000" endtime="20230124 10:20:27.000"/>
</branch>
<status status="PASS" starttime="20230124 10:20:26.979" endtime="20230124 10:20:27.000"/>
</if>
<status status="PASS" starttime="20230124 10:20:26.979" endtime="20230124 10:20:27.000"/>
</iter>
<iter>
<var name="${i}">{'Employee ID': 1793, 'Email': 'BerniceFSpady@rhyta.com', 'First Name': 'Bernice\xa0', 'Last Name': 'Spady', 'Date of birth': datetime.datetime(1942, 8, 27, 0, 0), 'Designation': 'Taxi driver', 'Phone...</var>
<kw name="Set Variable" library="BuiltIn">
<var>${counter}</var>
<arg>1</arg>
<doc>Returns the given values which can then be assigned to a variables.</doc>
<msg timestamp="20230124 10:20:27.000" level="INFO">${counter} = 1</msg>
<status status="PASS" starttime="20230124 10:20:27.000" endtime="20230124 10:20:27.000"/>
</kw>
<if>
<branch type="IF" condition="${counter} == 1">
<kw name="Convert To List" library="Collections">
<var>${list}</var>
<arg>${i}</arg>
<doc>Converts the given ``item`` to a Python ``list`` type.</doc>
<msg timestamp="20230124 10:20:27.008" level="INFO">${list} = ['Employee ID', 'Email', 'First Name', 'Last Name', 'Date of birth', 'Designation', 'Phone Number', 'Gender', 'Status']</msg>
<status status="PASS" starttime="20230124 10:20:27.008" endtime="20230124 10:20:27.008"/>
</kw>
<kw name="Log" library="BuiltIn">
<arg>${list}</arg>
<doc>Logs the given message with the given level.</doc>
<msg timestamp="20230124 10:20:27.008" level="INFO">['Employee ID', 'Email', 'First Name', 'Last Name', 'Date of birth', 'Designation', 'Phone Number', 'Gender', 'Status']</msg>
<status status="PASS" starttime="20230124 10:20:27.008" endtime="20230124 10:20:27.008"/>
</kw>
<kw name="Get Index From List" library="Collections">
<var>${index}</var>
<arg>${list}</arg>
<arg>Status</arg>
<doc>Returns the index of the first occurrence of the ``value`` on the list.</doc>
<msg timestamp="20230124 10:20:27.013" level="INFO">${index} = 8</msg>
<status status="PASS" starttime="20230124 10:20:27.013" endtime="20230124 10:20:27.013"/>
</kw>
<kw name="Evaluate" library="BuiltIn">
<var>${counter}</var>
<arg>${counter}+1</arg>
<doc>Evaluates the given expression in Python and returns the result.</doc>
<msg timestamp="20230124 10:20:27.013" level="INFO">${counter} = 2</msg>
<status status="PASS" starttime="20230124 10:20:27.013" endtime="20230124 10:20:27.013"/>
</kw>
<kw name="Log" library="BuiltIn">
<arg>${index}</arg>
<doc>Logs the given message with the given level.</doc>
<msg timestamp="20230124 10:20:27.013" level="INFO">8</msg>
<status status="PASS" starttime="20230124 10:20:27.013" endtime="20230124 10:20:27.021"/>
</kw>
<status status="PASS" starttime="20230124 10:20:27.000" endtime="20230124 10:20:27.021"/>
</branch>
<branch type="ELSE">
<kw name="Log" library="BuiltIn">
<arg>message</arg>
<doc>Logs the given message with the given level.</doc>
<status status="NOT RUN" starttime="20230124 10:20:27.021" endtime="20230124 10:20:27.021"/>
</kw>
<status status="NOT RUN" starttime="20230124 10:20:27.021" endtime="20230124 10:20:27.021"/>
</branch>
<status status="PASS" starttime="20230124 10:20:27.000" endtime="20230124 10:20:27.021"/>
</if>
<status status="PASS" starttime="20230124 10:20:27.000" endtime="20230124 10:20:27.021"/>
</iter>
<iter>
<var name="${i}">{'Employee ID': '2237\xa0', 'Email': 'BruceDHancock@dayrep.com', 'First Name': 'Bruce\xa0', 'Last Name': 'Hancock', 'Date of birth': datetime.datetime(1996, 10, 3, 0, 0), 'Designation': 'Family and ge...</var>
<kw name="Set Variable" library="BuiltIn">
<var>${counter}</var>
<arg>1</arg>
<doc>Returns the given values which can then be assigned to a variables.</doc>
<msg timestamp="20230124 10:20:27.021" level="INFO">${counter} = 1</msg>
<status status="PASS" starttime="20230124 10:20:27.021" endtime="20230124 10:20:27.021"/>
</kw>
<if>
<branch type="IF" condition="${counter} == 1">
<kw name="Convert To List" library="Collections">
<var>${list}</var>
<arg>${i}</arg>
<doc>Converts the given ``item`` to a Python ``list`` type.</doc>
<msg timestamp="20230124 10:20:27.030" level="INFO">${list} = ['Employee ID', 'Email', 'First Name', 'Last Name', 'Date of birth', 'Designation', 'Phone Number', 'Gender', 'Status']</msg>
<status status="PASS" starttime="20230124 10:20:27.021" endtime="20230124 10:20:27.031"/>
</kw>
<kw name="Log" library="BuiltIn">
<arg>${list}</arg>
<doc>Logs the given message with the given level.</doc>
<msg timestamp="20230124 10:20:27.033" level="INFO">['Employee ID', 'Email', 'First Name', 'Last Name', 'Date of birth', 'Designation', 'Phone Number', 'Gender', 'Status']</msg>
<status status="PASS" starttime="20230124 10:20:27.032" endtime="20230124 10:20:27.034"/>
</kw>
<kw name="Get Index From List" library="Collections">
<var>${index}</var>
<arg>${list}</arg>
<arg>Status</arg>
<doc>Returns the index of the first occurrence of the ``value`` on the list.</doc>
<msg timestamp="20230124 10:20:27.035" level="INFO">${index} = 8</msg>
<status status="PASS" starttime="20230124 10:20:27.034" endtime="20230124 10:20:27.036"/>
</kw>
<kw name="Evaluate" library="BuiltIn">
<var>${counter}</var>
<arg>${counter}+1</arg>
<doc>Evaluates the given expression in Python and returns the result.</doc>
<msg timestamp="20230124 10:20:27.038" level="INFO">${counter} = 2</msg>
<status status="PASS" starttime="20230124 10:20:27.037" endtime="20230124 10:20:27.038"/>
</kw>
<kw name="Log" library="BuiltIn">
<arg>${index}</arg>
<doc>Logs the given message with the given level.</doc>
<msg timestamp="20230124 10:20:27.040" level="INFO">8</msg>
<status status="PASS" starttime="20230124 10:20:27.039" endtime="20230124 10:20:27.040"/>
</kw>
<status status="PASS" starttime="20230124 10:20:27.021" endtime="20230124 10:20:27.040"/>
</branch>
<branch type="ELSE">
<kw name="Log" library="BuiltIn">
<arg>message</arg>
<doc>Logs the given message with the given level.</doc>
<status status="NOT RUN" starttime="20230124 10:20:27.041" endtime="20230124 10:20:27.042"/>
</kw>
<status status="NOT RUN" starttime="20230124 10:20:27.041" endtime="20230124 10:20:27.042"/>
</branch>
<status status="PASS" starttime="20230124 10:20:27.021" endtime="20230124 10:20:27.042"/>
</if>
<status status="PASS" starttime="20230124 10:20:27.021" endtime="20230124 10:20:27.043"/>
</iter>
<iter>
<var name="${i}">{'Employee ID': 2121, 'Email': 'DarrickJMesa@dayrep.com', 'First Name': 'Darrick\xa0', 'Last Name': 'Mesa', 'Date of birth': datetime.datetime(1974, 2, 8, 0, 0), 'Designation': 'Musical instrument rep...</var>
<kw name="Set Variable" library="BuiltIn">
<var>${counter}</var>
<arg>1</arg>
<doc>Returns the given values which can then be assigned to a variables.</doc>
<msg timestamp="20230124 10:20:27.045" level="INFO">${counter} = 1</msg>
<status status="PASS" starttime="20230124 10:20:27.044" endtime="20230124 10:20:27.045"/>
</kw>
<if>
<branch type="IF" condition="${counter} == 1">
<kw name="Convert To List" library="Collections">
<var>${list}</var>
<arg>${i}</arg>
<doc>Converts the given ``item`` to a Python ``list`` type.</doc>
<msg timestamp="20230124 10:20:27.046" level="INFO">${list} = ['Employee ID', 'Email', 'First Name', 'Last Name', 'Date of birth', 'Designation', 'Phone Number', 'Gender', 'Status']</msg>
<status status="PASS" starttime="20230124 10:20:27.046" endtime="20230124 10:20:27.046"/>
</kw>
<kw name="Log" library="BuiltIn">
<arg>${list}</arg>
<doc>Logs the given message with the given level.</doc>
<msg timestamp="20230124 10:20:27.046" level="INFO">['Employee ID', 'Email', 'First Name', 'Last Name', 'Date of birth', 'Designation', 'Phone Number', 'Gender', 'Status']</msg>
<status status="PASS" starttime="20230124 10:20:27.046" endtime="20230124 10:20:27.046"/>
</kw>
<kw name="Get Index From List" library="Collections">
<var>${index}</var>
<arg>${list}</arg>
<arg>Status</arg>
<doc>Returns the index of the first occurrence of the ``value`` on the list.</doc>
<msg timestamp="20230124 10:20:27.046" level="INFO">${index} = 8</msg>
<status status="PASS" starttime="20230124 10:20:27.046" endtime="20230124 10:20:27.046"/>
</kw>
<kw name="Evaluate" library="BuiltIn">
<var>${counter}</var>
<arg>${counter}+1</arg>
<doc>Evaluates the given expression in Python and returns the result.</doc>
<msg timestamp="20230124 10:20:27.055" level="INFO">${counter} = 2</msg>
<status status="PASS" starttime="20230124 10:20:27.046" endtime="20230124 10:20:27.056"/>
</kw>
<kw name="Log" library="BuiltIn">
<arg>${index}</arg>
<doc>Logs the given message with the given level.</doc>
<msg timestamp="20230124 10:20:27.057" level="INFO">8</msg>
<status status="PASS" starttime="20230124 10:20:27.056" endtime="20230124 10:20:27.058"/>
</kw>
<status status="PASS" starttime="20230124 10:20:27.046" endtime="20230124 10:20:27.058"/>
</branch>
<branch type="ELSE">
<kw name="Log" library="BuiltIn">
<arg>message</arg>
<doc>Logs the given message with the given level.</doc>
<status status="NOT RUN" starttime="20230124 10:20:27.059" endtime="20230124 10:20:27.060"/>
</kw>
<status status="NOT RUN" starttime="20230124 10:20:27.059" endtime="20230124 10:20:27.060"/>
</branch>
<status status="PASS" starttime="20230124 10:20:27.046" endtime="20230124 10:20:27.060"/>
</if>
<status status="PASS" starttime="20230124 10:20:27.043" endtime="20230124 10:20:27.060"/>
</iter>
<status status="PASS" starttime="20230124 10:20:26.813" endtime="20230124 10:20:27.061"/>
</for>
<kw name="Log" library="BuiltIn">
<arg>${counter}</arg>
<doc>Logs the given message with the given level.</doc>
<msg timestamp="20230124 10:20:27.063" level="INFO">2</msg>
<status status="PASS" starttime="20230124 10:20:27.062" endtime="20230124 10:20:27.063"/>
</kw>
<kw name="Evaluate" library="BuiltIn">
<var>${index}</var>
<arg>${index}+1</arg>
<doc>Evaluates the given expression in Python and returns the result.</doc>
<msg timestamp="20230124 10:20:27.063" level="INFO">${index} = 9</msg>
<status status="PASS" starttime="20230124 10:20:27.063" endtime="20230124 10:20:27.063"/>
</kw>
<return>
<value>${index}</value>
<status status="PASS" starttime="20230124 10:20:27.063" endtime="20230124 10:20:27.063"/>
</return>
<msg timestamp="20230124 10:20:27.063" level="INFO">${index} = 9</msg>
<status status="PASS" starttime="20230124 10:20:26.700" endtime="20230124 10:20:27.072"/>
</kw>
<kw name="open onboarding site">
<arg>${URL}</arg>
<try>
<branch type="TRY">
<kw name="Open Available Browser" library="RPA.Browser.Selenium">
<arg>https://stardex.com.ng/HR-On-boarding-Process-Form/</arg>
<arg>maximized=True</arg>
<arg>browser_selection=chrome</arg>
<doc>Attempts to open a browser on the user's device from a set of
supported browsers. Automatically downloads a corresponding webdriver
if none is already installed.</doc>
<msg timestamp="20230124 10:20:27.085" level="INFO">Creating an instance of the Chrome WebDriver.</msg>
<msg timestamp="20230124 10:20:27.173" level="INFO">====== WebDriver manager ======</msg>
<msg timestamp="20230124 10:20:30.422" level="INFO">Creating an instance of the Chrome WebDriver.</msg>
<msg timestamp="20230124 10:20:32.781" level="INFO">Created chrome browser with arguments: --start-maximized --disable-dev-shm-usage --disable-web-security --allow-running-insecure-content --no-sandbox</msg>
<msg timestamp="20230124 10:20:32.781" level="INFO" html="true">&lt;p&gt;Attempted combinations:&lt;/p&gt;&lt;div class="doc"&gt;&lt;table&gt;&lt;tr&gt;&lt;th&gt;Browser&lt;/th&gt;&lt;th&gt;Download&lt;/th&gt;&lt;th&gt;Error&lt;/th&gt;&lt;/tr&gt;&lt;tr&gt;&lt;td&gt;chrome&lt;/td&gt;&lt;td&gt;False&lt;/td&gt;&lt;td&gt;Message: 'chromedriver' executable needs to be in PATH. Please see https://chromedriver.chromium.org/home
&lt;/td&gt;&lt;/tr&gt;&lt;tr&gt;&lt;td&gt;chrome&lt;/td&gt;&lt;td&gt;True&lt;/td&gt;&lt;td&gt;&lt;/td&gt;&lt;/tr&gt;&lt;/table&gt;&lt;/div&gt;</msg>
<msg timestamp="20230124 10:20:32.781" level="INFO">Opening url 'https://stardex.com.ng/HR-On-boarding-Process-Form/'</msg>
<status status="PASS" starttime="20230124 10:20:27.078" endtime="20230124 10:20:40.806"/>
</kw>
<status status="PASS" starttime="20230124 10:20:27.076" endtime="20230124 10:20:40.806"/>
</branch>
<branch type="EXCEPT">
<kw name="Log" library="BuiltIn">
<arg>error</arg>
<doc>Logs the given message with the given level.</doc>
<status status="NOT RUN" starttime="20230124 10:20:40.806" endtime="20230124 10:20:40.809"/>
</kw>
<status status="NOT RUN" starttime="20230124 10:20:40.806" endtime="20230124 10:20:40.809"/>
</branch>
<status status="PASS" starttime="20230124 10:20:27.076" endtime="20230124 10:20:40.809"/>
</try>
<status status="PASS" starttime="20230124 10:20:27.074" endtime="20230124 10:20:40.809"/>
</kw>
<kw name="For Each Input Work Item" library="RPA.Robocorp.WorkItems">
<var>${workitem data}</var>
<arg>Get data from workitem</arg>
<doc>Run a keyword or function for each work item in the input queue.</doc>
<kw name=" Get data from workitem">
<kw name="Get Work Item Payload" library="RPA.Robocorp.WorkItems">
<var>${workitem data}</var>
<doc>Get the full JSON payload for a work item.</doc>
<msg timestamp="20230124 10:20:40.809" level="INFO">${workitem data} = {'Employee ID': 3567, 'Email': 'ZacharyBDunn@rhyta.com', 'First Name': 'Dunn', 'Last Name': 'Zachary\xa0', 'Date of birth': '1954-11-24 00:00:00', 'Designation': 'Information systems manager', 'Phone ...</msg>
<status status="PASS" starttime="20230124 10:20:40.809" endtime="20230124 10:20:40.809"/>
</kw>
<return>
<value>${workitem data}</value>
<status status="PASS" starttime="20230124 10:20:40.809" endtime="20230124 10:20:40.809"/>
</return>
<status status="PASS" starttime="20230124 10:20:40.809" endtime="20230124 10:20:40.809"/>
</kw>
<msg timestamp="20230124 10:20:40.809" level="INFO">Releasing item '0' with COMPLETED state and exception: None</msg>
<kw name=" Get data from workitem">
<kw name="Get Work Item Payload" library="RPA.Robocorp.WorkItems">
<var>${workitem data}</var>
<doc>Get the full JSON payload for a work item.</doc>
<msg timestamp="20230124 10:20:40.809" level="INFO">${workitem data} = {'Employee ID': '2880\xa0', 'Email': 'GeorgeNOtwell@teleworm.us', 'First Name': 'Otwell', 'Last Name': 'George\xa0', 'Date of birth': '1942-07-09 00:00:00', 'Designation': 'Watch repairer', 'Phone Num...</msg>
<status status="PASS" starttime="20230124 10:20:40.809" endtime="20230124 10:20:40.809"/>
</kw>
<return>
<value>${workitem data}</value>
<status status="PASS" starttime="20230124 10:20:40.809" endtime="20230124 10:20:40.814"/>
</return>
<status status="PASS" starttime="20230124 10:20:40.809" endtime="20230124 10:20:40.814"/>
</kw>
<msg timestamp="20230124 10:20:40.814" level="INFO">Releasing item '1' with COMPLETED state and exception: None</msg>
<kw name=" Get data from workitem">
<kw name="Get Work Item Payload" library="RPA.Robocorp.WorkItems">
<var>${workitem data}</var>
<doc>Get the full JSON payload for a work item.</doc>
<msg timestamp="20230124 10:20:40.814" level="INFO">${workitem data} = {'Employee ID': 1881, 'Email': 'TimothyMAbramowitz@armyspy.com', 'First Name': 'Abramowitz', 'Last Name': 'Timothy', 'Date of birth': '1953-12-02 00:00:00', 'Designation': 'Floor broker', 'Phone Numbe...</msg>
<status status="PASS" starttime="20230124 10:20:40.814" endtime="20230124 10:20:40.814"/>
</kw>
<return>
<value>${workitem data}</value>
<status status="PASS" starttime="20230124 10:20:40.814" endtime="20230124 10:20:40.814"/>
</return>
<status status="PASS" starttime="20230124 10:20:40.814" endtime="20230124 10:20:40.814"/>
</kw>
<msg timestamp="20230124 10:20:40.814" level="INFO">Releasing item '2' with COMPLETED state and exception: None</msg>
<kw name=" Get data from workitem">
<kw name="Get Work Item Payload" library="RPA.Robocorp.WorkItems">
<var>${workitem data}</var>
<doc>Get the full JSON payload for a work item.</doc>
<msg timestamp="20230124 10:20:40.834" level="INFO">${workitem data} = {'Employee ID': 786, 'Email': 'SteveLWestfall@jourrapide.com', 'First Name': 'Westfall', 'Last Name': 'Steve', 'Date of birth': '1957-12-22 00:00:00', 'Designation': 'Fish cleaner', 'Phone Number': '7...</msg>
<status status="PASS" starttime="20230124 10:20:40.833" endtime="20230124 10:20:40.841"/>
</kw>
<return>
<value>${workitem data}</value>
<status status="PASS" starttime="20230124 10:20:40.843" endtime="20230124 10:20:40.843"/>
</return>
<status status="PASS" starttime="20230124 10:20:40.822" endtime="20230124 10:20:40.844"/>
</kw>
<msg timestamp="20230124 10:20:40.844" level="INFO">Releasing item '3' with COMPLETED state and exception: None</msg>
<kw name=" Get data from workitem">
<kw name="Get Work Item Payload" library="RPA.Robocorp.WorkItems">
<var>${workitem data}</var>
<doc>Get the full JSON payload for a work item.</doc>
<msg timestamp="20230124 10:20:40.844" level="INFO">${workitem data} = {'Employee ID': '2615\xa0', 'Email': 'ClaraRNelson@armyspy.com', 'First Name': 'Clara', 'Last Name': 'Nelson', 'Date of birth': '1994-02-12 00:00:00', 'Designation': 'Instructional coach', 'Phone Numb...</msg>
<status status="PASS" starttime="20230124 10:20:40.844" endtime="20230124 10:20:40.844"/>
</kw>
<return>
<value>${workitem data}</value>
<status status="PASS" starttime="20230124 10:20:40.844" endtime="20230124 10:20:40.844"/>
</return>
<status status="PASS" starttime="20230124 10:20:40.844" endtime="20230124 10:20:40.844"/>
</kw>
<msg timestamp="20230124 10:20:40.844" level="INFO">Releasing item '4' with COMPLETED state and exception: None</msg>
<kw name=" Get data from workitem">
<kw name="Get Work Item Payload" library="RPA.Robocorp.WorkItems">
<var>${workitem data}</var>
<doc>Get the full JSON payload for a work item.</doc>
<msg timestamp="20230124 10:20:40.844" level="INFO">${workitem data} = {'Employee ID': '2226\xa0', 'Email': 'HildaBHernandez@rhyta.com', 'First Name': 'Hilda\xa0', 'Last Name': 'Hernandez', 'Date of birth': '1966-12-02 00:00:00', 'Designation': 'Watch repairer', 'Phone N...</msg>
<status status="PASS" starttime="20230124 10:20:40.844" endtime="20230124 10:20:40.844"/>
</kw>
<return>
<value>${workitem data}</value>
<status status="PASS" starttime="20230124 10:20:40.844" endtime="20230124 10:20:40.844"/>
</return>
<status status="PASS" starttime="20230124 10:20:40.844" endtime="20230124 10:20:40.844"/>
</kw>
<msg timestamp="20230124 10:20:40.852" level="INFO">Releasing item '5' with COMPLETED state and exception: None</msg>
<kw name=" Get data from workitem">
<kw name="Get Work Item Payload" library="RPA.Robocorp.WorkItems">
<var>${workitem data}</var>
<doc>Get the full JSON payload for a work item.</doc>
<msg timestamp="20230124 10:20:40.855" level="INFO">${workitem data} = {'Employee ID': '1209\xa0', 'Email': 'BryanHGriffin@armyspy.com', 'First Name': 'Bryan\xa0', 'Last Name': 'Griffin', 'Date of birth': '1948-09-28 00:00:00', 'Designation': 'Technologist', 'Phone Numbe...</msg>
<status status="PASS" starttime="20230124 10:20:40.854" endtime="20230124 10:20:40.855"/>
</kw>
<return>
<value>${workitem data}</value>
<status status="PASS" starttime="20230124 10:20:40.855" endtime="20230124 10:20:40.855"/>
</return>
<status status="PASS" starttime="20230124 10:20:40.853" endtime="20230124 10:20:40.855"/>
</kw>
<msg timestamp="20230124 10:20:40.856" level="INFO">Releasing item '6' with COMPLETED state and exception: None</msg>
<kw name=" Get data from workitem">
<kw name="Get Work Item Payload" library="RPA.Robocorp.WorkItems">
<var>${workitem data}</var>
<doc>Get the full JSON payload for a work item.</doc>
<msg timestamp="20230124 10:20:40.857" level="INFO">${workitem data} = {'Employee ID': '1412\xa0', 'Email': 'ThomasMMoore@jourrapide.com', 'First Name': 'Thomas\xa0', 'Last Name': 'Moore', 'Date of birth': '2002-08-06 00:00:00', 'Designation': 'Insulation worker', 'Phone...</msg>
<status status="PASS" starttime="20230124 10:20:40.856" endtime="20230124 10:20:40.857"/>
</kw>
<return>
<value>${workitem data}</value>
<status status="PASS" starttime="20230124 10:20:40.857" endtime="20230124 10:20:40.857"/>
</return>
<status status="PASS" starttime="20230124 10:20:40.856" endtime="20230124 10:20:40.857"/>
</kw>
<msg timestamp="20230124 10:20:40.858" level="INFO">Releasing item '7' with COMPLETED state and exception: None</msg>
<kw name=" Get data from workitem">
<kw name="Get Work Item Payload" library="RPA.Robocorp.WorkItems">
<var>${workitem data}</var>
<doc>Get the full JSON payload for a work item.</doc>
<msg timestamp="20230124 10:20:40.859" level="INFO">${workitem data} = {'Employee ID': 1793, 'Email': 'BerniceFSpady@rhyta.com', 'First Name': 'Bernice\xa0', 'Last Name': 'Spady', 'Date of birth': '1942-08-27 00:00:00', 'Designation': 'Taxi driver', 'Phone Number': '727-...</msg>
<status status="PASS" starttime="20230124 10:20:40.858" endtime="20230124 10:20:40.859"/>
</kw>
<return>
<value>${workitem data}</value>
<status status="PASS" starttime="20230124 10:20:40.859" endtime="20230124 10:20:40.859"/>
</return>
<status status="PASS" starttime="20230124 10:20:40.858" endtime="20230124 10:20:40.860"/>
</kw>
<msg timestamp="20230124 10:20:40.860" level="INFO">Releasing item '8' with COMPLETED state and exception: None</msg>
<kw name=" Get data from workitem">
<kw name="Get Work Item Payload" library="RPA.Robocorp.WorkItems">
<var>${workitem data}</var>
<doc>Get the full JSON payload for a work item.</doc>
<msg timestamp="20230124 10:20:40.861" level="INFO">${workitem data} = {'Employee ID': '2237\xa0', 'Email': 'BruceDHancock@dayrep.com', 'First Name': 'Bruce\xa0', 'Last Name': 'Hancock', 'Date of birth': '1996-10-03 00:00:00', 'Designation': 'Family and general practitio...</msg>
<status status="PASS" starttime="20230124 10:20:40.860" endtime="20230124 10:20:40.861"/>
</kw>
<return>
<value>${workitem data}</value>
<status status="PASS" starttime="20230124 10:20:40.861" endtime="20230124 10:20:40.861"/>
</return>
<status status="PASS" starttime="20230124 10:20:40.860" endtime="20230124 10:20:40.863"/>
</kw>
<msg timestamp="20230124 10:20:40.865" level="INFO">Releasing item '9' with COMPLETED state and exception: None</msg>
<kw name=" Get data from workitem">
<kw name="Get Work Item Payload" library="RPA.Robocorp.WorkItems">
<var>${workitem data}</var>
<doc>Get the full JSON payload for a work item.</doc>
<msg timestamp="20230124 10:20:40.891" level="INFO">${workitem data} = {'Employee ID': 2121, 'Email': 'DarrickJMesa@dayrep.com', 'First Name': 'Darrick\xa0', 'Last Name': 'Mesa', 'Date of birth': '1974-02-08 00:00:00', 'Designation': 'Musical instrument repairer', 'Phone...</msg>
<status status="PASS" starttime="20230124 10:20:40.890" endtime="20230124 10:20:40.892"/>
</kw>
<return>
<value>${workitem data}</value>
<status status="PASS" starttime="20230124 10:20:40.892" endtime="20230124 10:20:40.892"/>
</return>
<status status="PASS" starttime="20230124 10:20:40.888" endtime="20230124 10:20:40.892"/>
</kw>
<msg timestamp="20230124 10:20:40.892" level="INFO">Releasing item '10' with COMPLETED state and exception: None</msg>
<msg timestamp="20230124 10:20:40.892" level="INFO">${workitem data} = [{'Employee ID': 3567, 'Email': 'ZacharyBDunn@rhyta.com', 'First Name': 'Dunn', 'Last Name': 'Zachary\xa0', 'Date of birth': '1954-11-24 00:00:00', 'Designation': 'Information systems manager', 'Phone...</msg>
<status status="PASS" starttime="20230124 10:20:40.809" endtime="20230124 10:20:40.892"/>
</kw>
<kw name="Fill the from">
<var>${ststusr}</var>
<arg>${workitem data}</arg>
<arg>${workitem data}</arg>
<arg>${index}</arg>
<kw name="Set Variable" library="BuiltIn">
<var>${row}</var>
<arg>2</arg>
<doc>Returns the given values which can then be assigned to a variables.</doc>
<msg timestamp="20230124 10:20:40.892" level="INFO">${row} = 2</msg>
<status status="PASS" starttime="20230124 10:20:40.892" endtime="20230124 10:20:40.892"/>
</kw>
<kw name="Create List" library="BuiltIn">
<var>${ststusr}</var>
<doc>Returns a list containing given items.</doc>
<msg timestamp="20230124 10:20:40.892" level="INFO">${ststusr} = []</msg>
<status status="PASS" starttime="20230124 10:20:40.892" endtime="20230124 10:20:40.892"/>
</kw>
<for flavor="IN">
<var>${emp}</var>
<value>@{workitem data}</value>
<iter>
<var name="${emp}">{'Employee ID': 3567, 'Email': 'ZacharyBDunn@rhyta.com', 'First Name': 'Dunn', 'Last Name': 'Zachary\xa0', 'Date of birth': '1954-11-24 00:00:00', 'Designation': 'Information systems manager', 'Phone ...</var>
<kw name="Set Variable" library="BuiltIn">
<var>${ID}</var>
<arg>${emp}[Employee ID]</arg>
<doc>Returns the given values which can then be assigned to a variables.</doc>
<msg timestamp="20230124 10:20:40.892" level="INFO">${ID} = 3567</msg>
<status status="PASS" starttime="20230124 10:20:40.892" endtime="20230124 10:20:40.892"/>
</kw>
<kw name="Set Variable" library="BuiltIn">
<var>${email}</var>
<arg>${emp}[Email]</arg>
<doc>Returns the given values which can then be assigned to a variables.</doc>
<msg timestamp="20230124 10:20:40.892" level="INFO">${email} = ZacharyBDunn@rhyta.com</msg>
<status status="PASS" starttime="20230124 10:20:40.892" endtime="20230124 10:20:40.892"/>
</kw>
<kw name="Set Variable" library="BuiltIn">
<var>${firsname}</var>
<arg>${emp}[First Name]</arg>
<doc>Returns the given values which can then be assigned to a variables.</doc>
<msg timestamp="20230124 10:20:40.892" level="INFO">${firsname} = Dunn</msg>
<status status="PASS" starttime="20230124 10:20:40.892" endtime="20230124 10:20:40.892"/>
</kw>
<kw name="Set Variable" library="BuiltIn">
<var>${Lastname}</var>
<arg>${emp}[Last Name]</arg>
<doc>Returns the given values which can then be assigned to a variables.</doc>
<msg timestamp="20230124 10:20:40.900" level="INFO">${Lastname} = Zachary </msg>
<status status="PASS" starttime="20230124 10:20:40.892" endtime="20230124 10:20:40.900"/>
</kw>
<kw name="Set Variable" library="BuiltIn">
<var>${gender}</var>
<arg>${emp}[Gender]</arg>
<doc>Returns the given values which can then be assigned to a variables.</doc>
<msg timestamp="20230124 10:20:40.900" level="INFO">${gender} = Male</msg>
<status status="PASS" starttime="20230124 10:20:40.900" endtime="20230124 10:20:40.900"/>
</kw>
<kw name="Set Variable" library="BuiltIn">
<var>${Dob}</var>
<arg>${emp}[Date of birth]</arg>
<doc>Returns the given values which can then be assigned to a variables.</doc>
<msg timestamp="20230124 10:20:40.906" level="INFO">${Dob} = 1954-11-24 00:00:00</msg>
<status status="PASS" starttime="20230124 10:20:40.900" endtime="20230124 10:20:40.906"/>
</kw>
<kw name="Convert Date" library="DateTime">
<var>${Date of birth}</var>
<arg>${Dob}</arg>
<arg>%Y-%b-%d</arg>
<doc>Converts between supported `date formats`.</doc>
<msg timestamp="20230124 10:20:40.907" level="INFO">${Date of birth} = 1954-Nov-24</msg>
<status status="PASS" starttime="20230124 10:20:40.906" endtime="20230124 10:20:40.907"/>
</kw>
<kw name="Set Variable" library="BuiltIn">
<var>${designation}</var>
<arg>${emp}[Designation]</arg>
<doc>Returns the given values which can then be assigned to a variables.</doc>
<msg timestamp="20230124 10:20:40.907" level="INFO">${designation} = Information systems manager</msg>
<status status="PASS" starttime="20230124 10:20:40.907" endtime="20230124 10:20:40.907"/>
</kw>
<kw name="Set Variable" library="BuiltIn">
<var>${phone}</var>
<arg>${emp}[Phone Number]</arg>
<doc>Returns the given values which can then be assigned to a variables.</doc>
<msg timestamp="20230124 10:20:40.907" level="INFO">${phone} = 419-637-4864</msg>
<status status="PASS" starttime="20230124 10:20:40.907" endtime="20230124 10:20:40.907"/>
</kw>
<if>
<branch type="IF" condition="(&quot;${ID}&quot; != &quot;None&quot; and &quot;${email}&quot; != &quot;None&quot; and &quot;${firsname}&quot; != &quot;None&quot; and &quot;${Lastname}&quot; != &quot;None&quot; and &quot;${gender}&quot; != &quot;None&quot; and &quot;${Dob}&quot; != &quot;None&quot; and &quot;${designation}&quot; !=&quot;None&quot; and &quot;${phone}&quot; != &quot;None&quot;)">
<kw name="Input Text" library="RPA.Browser.Selenium">
<arg>emp-ID</arg>
<arg>${ID}</arg>
<doc>Types the given ``text`` into the text field identified by ``locator``.</doc>
<msg timestamp="20230124 10:20:40.907" level="INFO">Typing text '3567' into text field 'emp-ID'.</msg>
<status status="PASS" starttime="20230124 10:20:40.907" endtime="20230124 10:20:41.679"/>
</kw>
<kw name="Input Text" library="RPA.Browser.Selenium">
<arg>emp-email</arg>
<arg>${email}</arg>
<doc>Types the given ``text`` into the text field identified by ``locator``.</doc>
<msg timestamp="20230124 10:20:41.679" level="INFO">Typing text 'ZacharyBDunn@rhyta.com' into text field 'emp-email'.</msg>
<status status="PASS" starttime="20230124 10:20:41.679" endtime="20230124 10:20:42.039"/>
</kw>
<kw name="Input Text" library="RPA.Browser.Selenium">
<arg>emp-firstname</arg>
<arg>${firsname}</arg>
<doc>Types the given ``text`` into the text field identified by ``locator``.</doc>
<msg timestamp="20230124 10:20:42.054" level="INFO">Typing text 'Dunn' into text field 'emp-firstname'.</msg>
<status status="PASS" starttime="20230124 10:20:42.047" endtime="20230124 10:20:42.304"/>
</kw>
<kw name="Input Text" library="RPA.Browser.Selenium">
<arg>emp-lastname</arg>
<arg>${Lastname}</arg>
<doc>Types the given ``text`` into the text field identified by ``locator``.</doc>
<msg timestamp="20230124 10:20:42.306" level="INFO">Typing text 'Zachary ' into text field 'emp-lastname'.</msg>
<status status="PASS" starttime="20230124 10:20:42.306" endtime="20230124 10:20:42.570"/>
</kw>
<kw name="Input Text" library="RPA.Browser.Selenium">
<arg>emp-dob</arg>
<arg>${Date of birth}</arg>
<doc>Types the given ``text`` into the text field identified by ``locator``.</doc>
<msg timestamp="20230124 10:20:42.570" level="INFO">Typing text '1954-Nov-24' into text field 'emp-dob'.</msg>
<status status="PASS" starttime="20230124 10:20:42.570" endtime="20230124 10:20:42.896"/>
</kw>
<kw name="Input Text" library="RPA.Browser.Selenium">
<arg>emp-designation</arg>
<arg>${designation}</arg>
<doc>Types the given ``text`` into the text field identified by ``locator``.</doc>
<msg timestamp="20230124 10:20:42.902" level="INFO">Typing text 'Information systems manager' into text field 'emp-designation'.</msg>
<status status="PASS" starttime="20230124 10:20:42.898" endtime="20230124 10:20:43.273"/>
</kw>
<kw name="Input Text" library="RPA.Browser.Selenium">
<arg>phone-number</arg>
<arg>${phone}</arg>
<doc>Types the given ``text`` into the text field identified by ``locator``.</doc>
<msg timestamp="20230124 10:20:43.273" level="INFO">Typing text '419-637-4864' into text field 'phone-number'.</msg>
<status status="PASS" starttime="20230124 10:20:43.273" endtime="20230124 10:20:43.595"/>
</kw>
<kw name="Select From List By Value" library="RPA.Browser.Selenium">
<arg>//*[@id="wpcf7-f1759-p1756-o1"]/form/div[2]/div/div[8]/div/p/span/select</arg>
<arg>${gender}</arg>
<doc>Selects options from selection list ``locator`` by ``values``.</doc>
<msg timestamp="20230124 10:20:43.595" level="INFO">Selecting options from selection list '//*[@id="wpcf7-f1759-p1756-o1"]/form/div[2]/div/div[8]/div/p/span/select' by value Male.</msg>
<status status="PASS" starttime="20230124 10:20:43.595" endtime="20230124 10:20:43.887"/>
</kw>
<kw name="Select Checkbox" library="RPA.Browser.Selenium">
<arg>gdpr</arg>
<doc>Selects the checkbox identified by ``locator``.</doc>
<msg timestamp="20230124 10:20:43.887" level="INFO">Selecting checkbox 'gdpr'.</msg>
<status status="PASS" starttime="20230124 10:20:43.887" endtime="20230124 10:20:44.136"/>
</kw>
<kw name="Click Button" library="RPA.Browser.Selenium">
<arg>//*[@id="wpcf7-f1759-p1756-o1"]/form/div[2]/div/div[10]/p/button</arg>
<doc>Clicks the button identified by ``locator``.</doc>
<msg timestamp="20230124 10:20:44.138" level="INFO">Clicking button '//*[@id="wpcf7-f1759-p1756-o1"]/form/div[2]/div/div[10]/p/button'.</msg>
<status status="PASS" starttime="20230124 10:20:44.136" endtime="20230124 10:20:44.336"/>
</kw>
<kw name="Sleep" library="BuiltIn">
<arg>4s</arg>
<doc>Pauses the test executed for the given time.</doc>
<msg timestamp="20230124 10:20:48.343" level="INFO">Slept 4 seconds</msg>
<status status="PASS" starttime="20230124 10:20:44.336" endtime="20230124 10:20:48.346"/>
</kw>
<kw name="Wait Until Element Is Visible" library="RPA.Browser.Selenium">
<arg>//*[@id="wpcf7-f1759-p1756-o1"]/form/div[3]</arg>
<arg>timeout=20s</arg>
<doc>Waits until the element ``locator`` is visible.</doc>
<status status="PASS" starttime="20230124 10:20:48.347" endtime="20230124 10:20:48.424"/>
</kw>
<kw name="Run Keyword And Return Status" library="BuiltIn">
<var>${Element}</var>
<arg>Get Webelement</arg>
<arg>//*[@id="wpcf7-f1759-p1756-o1"]/form/div[3]</arg>
<doc>Runs the given keyword with given arguments and returns the status as a Boolean value.</doc>
<kw name="Get WebElement" library="RPA.Browser.Selenium">
<arg>//*[@id="wpcf7-f1759-p1756-o1"]/form/div[3]</arg>
<doc>Returns the first WebElement matching the given ``locator``.</doc>
<status status="PASS" starttime="20230124 10:20:48.433" endtime="20230124 10:20:48.456"/>
</kw>
<msg timestamp="20230124 10:20:48.456" level="INFO">${Element} = True</msg>
<status status="PASS" starttime="20230124 10:20:48.424" endtime="20230124 10:20:48.456"/>
</kw>
<if>
<branch type="IF" condition="${Element} == True">
<kw name="Capture Element Screenshot" library="RPA.Browser.Selenium">
<var>${result}</var>
<arg>//*[@id="wpcf7-f1759-p1756-o1"]/form/div[3]</arg>
<arg>C:${/}Users${/}kamma.naveen${/}Documents${/}RoboCorp${/}Stardex${/}resultsc${/}${emp}[Employee ID].png</arg>
<doc>Captures a screenshot from the element identified by ``locator`` and embeds it into log file.</doc>
<msg timestamp="20230124 10:20:48.750" level="INFO" html="true">&lt;/td&gt;&lt;/tr&gt;&lt;tr&gt;&lt;td colspan="3"&gt;&lt;a href="resultsc/3567.png"&gt;&lt;img src="resultsc/3567.png" width="400px"&gt;&lt;/a&gt;</msg>
<msg timestamp="20230124 10:20:48.755" level="INFO">${result} = C:\Users\kamma.naveen\Documents\RoboCorp\Stardex\resultsc\3567.png</msg>
<status status="PASS" starttime="20230124 10:20:48.456" endtime="20230124 10:20:48.755"/>
</kw>
<kw name="Get Text" library="RPA.Browser.Selenium">
<var>${status}</var>
<arg>//*[@id="wpcf7-f1759-p1756-o1"]/form/div[3]</arg>
<doc>Returns the text value of the element identified by ``locator``.</doc>
<msg timestamp="20230124 10:20:48.806" level="INFO">${status} = Thank you for your message. It has been sent.</msg>
<status status="PASS" starttime="20230124 10:20:48.755" endtime="20230124 10:20:48.810"/>
</kw>
<kw name="Log" library="BuiltIn">
<arg>${status}</arg>
<doc>Logs the given message with the given level.</doc>
<msg timestamp="20230124 10:20:48.814" level="INFO">Thank you for your message. It has been sent.</msg>
<status status="PASS" starttime="20230124 10:20:48.811" endtime="20230124 10:20:48.820"/>
</kw>
<if>
<branch type="IF" condition="'${status}' == 'One or more fields have an error. Please check and try again.'">
<kw name="Log" library="BuiltIn">
<arg>fields are missing</arg>
<doc>Logs the given message with the given level.</doc>
<status status="NOT RUN" starttime="20230124 10:20:48.836" endtime="20230124 10:20:48.837"/>
</kw>
<kw name="Set Variable" library="BuiltIn">
<var>${onboardstatus}</var>
<arg>Data is missing</arg>
<doc>Returns the given values which can then be assigned to a variables.</doc>
<status status="NOT RUN" starttime="20230124 10:20:48.840" endtime="20230124 10:20:48.840"/>
</kw>
<status status="NOT RUN" starttime="20230124 10:20:48.822" endtime="20230124 10:20:48.840"/>
</branch>
<branch type="ELSE">
<kw name="Log" library="BuiltIn">
<arg>onboarded sucessfully</arg>
<doc>Logs the given message with the given level.</doc>
<msg timestamp="20230124 10:20:48.842" level="INFO">onboarded sucessfully</msg>
<status status="PASS" starttime="20230124 10:20:48.841" endtime="20230124 10:20:48.842"/>
</kw>
<kw name="Set Variable" library="BuiltIn">
<var>${onboardstatus}</var>
<arg>onboarded sucessfully</arg>
<doc>Returns the given values which can then be assigned to a variables.</doc>
<msg timestamp="20230124 10:20:48.842" level="INFO">${onboardstatus} = onboarded sucessfully</msg>
<status status="PASS" starttime="20230124 10:20:48.842" endtime="20230124 10:20:48.842"/>
</kw>
<status status="PASS" starttime="20230124 10:20:48.841" endtime="20230124 10:20:48.842"/>
</branch>
<status status="PASS" starttime="20230124 10:20:48.822" endtime="20230124 10:20:48.842"/>
</if>
<kw name="Save Workbook" library="RPA.Excel.Files">
<doc>Save the active workbook.</doc>
<status status="PASS" starttime="20230124 10:20:48.842" endtime="20230124 10:20:48.964"/>
</kw>
<status status="PASS" starttime="20230124 10:20:48.456" endtime="20230124 10:20:48.972"/>
</branch>
<branch type="ELSE">
<kw name="Log" library="BuiltIn">
<arg>status not loades in given time</arg>
<doc>Logs the given message with the given level.</doc>
<status status="NOT RUN" starttime="20230124 10:20:48.980" endtime="20230124 10:20:48.981"/>
</kw>
<kw name="Set Variable" library="BuiltIn">
<var>${onboardstatus}</var>
<arg>site issue</arg>
<doc>Returns the given values which can then be assigned to a variables.</doc>
<status status="NOT RUN" starttime="20230124 10:20:48.983" endtime="20230124 10:20:48.983"/>
</kw>
<continue>
<status status="NOT RUN" starttime="20230124 10:20:48.983" endtime="20230124 10:20:48.983"/>
</continue>
<status status="NOT RUN" starttime="20230124 10:20:48.977" endtime="20230124 10:20:48.983"/>
</branch>
<status status="PASS" starttime="20230124 10:20:48.456" endtime="20230124 10:20:48.983"/>
</if>
<status status="PASS" starttime="20230124 10:20:40.907" endtime="20230124 10:20:48.983"/>
</branch>
<branch type="ELSE">
<kw name="Set Variable" library="BuiltIn">
<var>${onboardstatus}</var>
<arg>Data is missing</arg>
<doc>Returns the given values which can then be assigned to a variables.</doc>
<status status="NOT RUN" starttime="20230124 10:20:48.983" endtime="20230124 10:20:48.983"/>
</kw>
<status status="NOT RUN" starttime="20230124 10:20:48.983" endtime="20230124 10:20:48.983"/>
</branch>
<status status="PASS" starttime="20230124 10:20:40.907" endtime="20230124 10:20:48.983"/>
</if>
<kw name="Append To List" library="Collections">
<arg>${ststusr}</arg>
<arg>${onboardstatus}</arg>
<doc>Adds ``values`` to the end of ``list``.</doc>
<status status="PASS" starttime="20230124 10:20:48.983" endtime="20230124 10:20:48.983"/>
</kw>
<status status="PASS" starttime="20230124 10:20:40.892" endtime="20230124 10:20:48.983"/>
</iter>
<iter>
<var name="${emp}">{'Employee ID': '2880\xa0', 'Email': 'GeorgeNOtwell@teleworm.us', 'First Name': 'Otwell', 'Last Name': 'George\xa0', 'Date of birth': '1942-07-09 00:00:00', 'Designation': 'Watch repairer', 'Phone Num...</var>
<kw name="Set Variable" library="BuiltIn">
<var>${ID}</var>
<arg>${emp}[Employee ID]</arg>
<doc>Returns the given values which can then be assigned to a variables.</doc>
<msg timestamp="20230124 10:20:48.983" level="INFO">${ID} = 2880 </msg>
<status status="PASS" starttime="20230124 10:20:48.983" endtime="20230124 10:20:48.983"/>
</kw>
<kw name="Set Variable" library="BuiltIn">
<var>${email}</var>
<arg>${emp}[Email]</arg>
<doc>Returns the given values which can then be assigned to a variables.</doc>
<msg timestamp="20230124 10:20:48.983" level="INFO">${email} = GeorgeNOtwell@teleworm.us</msg>
<status status="PASS" starttime="20230124 10:20:48.983" endtime="20230124 10:20:48.983"/>
</kw>
<kw name="Set Variable" library="BuiltIn">
<var>${firsname}</var>
<arg>${emp}[First Name]</arg>
<doc>Returns the given values which can then be assigned to a variables.</doc>
<msg timestamp="20230124 10:20:48.991" level="INFO">${firsname} = Otwell</msg>
<status status="PASS" starttime="20230124 10:20:48.991" endtime="20230124 10:20:48.991"/>
</kw>
<kw name="Set Variable" library="BuiltIn">
<var>${Lastname}</var>
<arg>${emp}[Last Name]</arg>
<doc>Returns the given values which can then be assigned to a variables.</doc>
<msg timestamp="20230124 10:20:48.993" level="INFO">${Lastname} = George </msg>
<status status="PASS" starttime="20230124 10:20:48.991" endtime="20230124 10:20:48.994"/>
</kw>
<kw name="Set Variable" library="BuiltIn">
<var>${gender}</var>
<arg>${emp}[Gender]</arg>
<doc>Returns the given values which can then be assigned to a variables.</doc>
<msg timestamp="20230124 10:20:49.001" level="INFO">${gender} = Male</msg>
<status status="PASS" starttime="20230124 10:20:48.994" endtime="20230124 10:20:49.007"/>
</kw>
<kw name="Set Variable" library="BuiltIn">
<var>${Dob}</var>
<arg>${emp}[Date of birth]</arg>
<doc>Returns the given values which can then be assigned to a variables.</doc>
<msg timestamp="20230124 10:20:49.015" level="INFO">${Dob} = 1942-07-09 00:00:00</msg>
<status status="PASS" starttime="20230124 10:20:49.012" endtime="20230124 10:20:49.016"/>
</kw>
<kw name="Convert Date" library="DateTime">
<var>${Date of birth}</var>
<arg>${Dob}</arg>
<arg>%Y-%b-%d</arg>
<doc>Converts between supported `date formats`.</doc>
<msg timestamp="20230124 10:20:49.017" level="INFO">${Date of birth} = 1942-Jul-09</msg>
<status status="PASS" starttime="20230124 10:20:49.016" endtime="20230124 10:20:49.017"/>
</kw>
<kw name="Set Variable" library="BuiltIn">
<var>${designation}</var>
<arg>${emp}[Designation]</arg>
<doc>Returns the given values which can then be assigned to a variables.</doc>
<msg timestamp="20230124 10:20:49.017" level="INFO">${designation} = Watch repairer</msg>
<status status="PASS" starttime="20230124 10:20:49.017" endtime="20230124 10:20:49.017"/>
</kw>
<kw name="Set Variable" library="BuiltIn">
<var>${phone}</var>
<arg>${emp}[Phone Number]</arg>
<doc>Returns the given values which can then be assigned to a variables.</doc>
<msg timestamp="20230124 10:20:49.017" level="INFO">${phone} = 850-776-2856</msg>
<status status="PASS" starttime="20230124 10:20:49.017" endtime="20230124 10:20:49.017"/>
</kw>
<if>
<branch type="IF" condition="(&quot;${ID}&quot; != &quot;None&quot; and &quot;${email}&quot; != &quot;None&quot; and &quot;${firsname}&quot; != &quot;None&quot; and &quot;${Lastname}&quot; != &quot;None&quot; and &quot;${gender}&quot; != &quot;None&quot; and &quot;${Dob}&quot; != &quot;None&quot; and &quot;${designation}&quot; !=&quot;None&quot; and &quot;${phone}&quot; != &quot;None&quot;)">
<kw name="Input Text" library="RPA.Browser.Selenium">
<arg>emp-ID</arg>
<arg>${ID}</arg>
<doc>Types the given ``text`` into the text field identified by ``locator``.</doc>
<msg timestamp="20230124 10:20:49.020" level="INFO">Typing text '2880 ' into text field 'emp-ID'.</msg>
<status status="PASS" starttime="20230124 10:20:49.020" endtime="20230124 10:20:49.282"/>
</kw>
<kw name="Input Text" library="RPA.Browser.Selenium">
<arg>emp-email</arg>
<arg>${email}</arg>
<doc>Types the given ``text`` into the text field identified by ``locator``.</doc>
<msg timestamp="20230124 10:20:49.282" level="INFO">Typing text 'GeorgeNOtwell@teleworm.us' into text field 'emp-email'.</msg>
<status status="PASS" starttime="20230124 10:20:49.282" endtime="20230124 10:20:49.620"/>
</kw>
<kw name="Input Text" library="RPA.Browser.Selenium">
<arg>emp-firstname</arg>
<arg>${firsname}</arg>
<doc>Types the given ``text`` into the text field identified by ``locator``.</doc>
<msg timestamp="20230124 10:20:49.620" level="INFO">Typing text 'Otwell' into text field 'emp-firstname'.</msg>
<status status="PASS" starttime="20230124 10:20:49.620" endtime="20230124 10:20:49.833"/>
</kw>
<kw name="Input Text" library="RPA.Browser.Selenium">
<arg>emp-lastname</arg>
<arg>${Lastname}</arg>
<doc>Types the given ``text`` into the text field identified by ``locator``.</doc>
<msg timestamp="20230124 10:20:49.848" level="INFO">Typing text 'George ' into text field 'emp-lastname'.</msg>
<status status="PASS" starttime="20230124 10:20:49.834" endtime="20230124 10:20:50.085"/>
</kw>
<kw name="Input Text" library="RPA.Browser.Selenium">
<arg>emp-dob</arg>
<arg>${Date of birth}</arg>
<doc>Types the given ``text`` into the text field identified by ``locator``.</doc>
<msg timestamp="20230124 10:20:50.085" level="INFO">Typing text '1942-Jul-09' into text field 'emp-dob'.</msg>
<status status="PASS" starttime="20230124 10:20:50.085" endtime="20230124 10:20:50.357"/>
</kw>
<kw name="Input Text" library="RPA.Browser.Selenium">
<arg>emp-designation</arg>
<arg>${designation}</arg>
<doc>Types the given ``text`` into the text field identified by ``locator``.</doc>
<msg timestamp="20230124 10:20:50.361" level="INFO">Typing text 'Watch repairer' into text field 'emp-designation'.</msg>
<status status="PASS" starttime="20230124 10:20:50.358" endtime="20230124 10:20:50.653"/>
</kw>
<kw name="Input Text" library="RPA.Browser.Selenium">
<arg>phone-number</arg>
<arg>${phone}</arg>
<doc>Types the given ``text`` into the text field identified by ``locator``.</doc>
<msg timestamp="20230124 10:20:50.654" level="INFO">Typing text '850-776-2856' into text field 'phone-number'.</msg>
<status status="PASS" starttime="20230124 10:20:50.654" endtime="20230124 10:20:50.953"/>
</kw>
<kw name="Select From List By Value" library="RPA.Browser.Selenium">
<arg>//*[@id="wpcf7-f1759-p1756-o1"]/form/div[2]/div/div[8]/div/p/span/select</arg>
<arg>${gender}</arg>
<doc>Selects options from selection list ``locator`` by ``values``.</doc>
<msg timestamp="20230124 10:20:50.953" level="INFO">Selecting options from selection list '//*[@id="wpcf7-f1759-p1756-o1"]/form/div[2]/div/div[8]/div/p/span/select' by value Male.</msg>
<status status="PASS" starttime="20230124 10:20:50.953" endtime="20230124 10:20:51.245"/>
</kw>
<kw name="Select Checkbox" library="RPA.Browser.Selenium">
<arg>gdpr</arg>
<doc>Selects the checkbox identified by ``locator``.</doc>
<msg timestamp="20230124 10:20:51.247" level="INFO">Selecting checkbox 'gdpr'.</msg>
<status status="PASS" starttime="20230124 10:20:51.245" endtime="20230124 10:20:51.472"/>
</kw>
<kw name="Click Button" library="RPA.Browser.Selenium">
<arg>//*[@id="wpcf7-f1759-p1756-o1"]/form/div[2]/div/div[10]/p/button</arg>
<doc>Clicks the button identified by ``locator``.</doc>
<msg timestamp="20230124 10:20:51.474" level="INFO">Clicking button '//*[@id="wpcf7-f1759-p1756-o1"]/form/div[2]/div/div[10]/p/button'.</msg>
<status status="PASS" starttime="20230124 10:20:51.473" endtime="20230124 10:20:51.755"/>
</kw>
<kw name="Sleep" library="BuiltIn">
<arg>4s</arg>
<doc>Pauses the test executed for the given time.</doc>
<msg timestamp="20230124 10:20:55.771" level="INFO">Slept 4 seconds</msg>
<status status="PASS" starttime="20230124 10:20:51.756" endtime="20230124 10:20:55.772"/>
</kw>
<kw name="Wait Until Element Is Visible" library="RPA.Browser.Selenium">
<arg>//*[@id="wpcf7-f1759-p1756-o1"]/form/div[3]</arg>
<arg>timeout=20s</arg>
<doc>Waits until the element ``locator`` is visible.</doc>
<status status="PASS" starttime="20230124 10:20:55.772" endtime="20230124 10:20:57.082"/>
</kw>
<kw name="Run Keyword And Return Status" library="BuiltIn">
<var>${Element}</var>
<arg>Get Webelement</arg>
<arg>//*[@id="wpcf7-f1759-p1756-o1"]/form/div[3]</arg>
<doc>Runs the given keyword with given arguments and returns the status as a Boolean value.</doc>
<kw name="Get WebElement" library="RPA.Browser.Selenium">
<arg>//*[@id="wpcf7-f1759-p1756-o1"]/form/div[3]</arg>
<doc>Returns the first WebElement matching the given ``locator``.</doc>
<status status="PASS" starttime="20230124 10:20:57.082" endtime="20230124 10:20:57.096"/>
</kw>
<msg timestamp="20230124 10:20:57.096" level="INFO">${Element} = True</msg>
<status status="PASS" starttime="20230124 10:20:57.082" endtime="20230124 10:20:57.096"/>
</kw>
<if>
<branch type="IF" condition="${Element} == True">
<kw name="Capture Element Screenshot" library="RPA.Browser.Selenium">
<var>${result}</var>
<arg>//*[@id="wpcf7-f1759-p1756-o1"]/form/div[3]</arg>
<arg>C:${/}Users${/}kamma.naveen${/}Documents${/}RoboCorp${/}Stardex${/}resultsc${/}${emp}[Employee ID].png</arg>
<doc>Captures a screenshot from the element identified by ``locator`` and embeds it into log file.</doc>
<msg timestamp="20230124 10:20:57.374" level="INFO" html="true">&lt;/td&gt;&lt;/tr&gt;&lt;tr&gt;&lt;td colspan="3"&gt;&lt;a href="resultsc/2880%C2%A0.png"&gt;&lt;img src="resultsc/2880%C2%A0.png" width="400px"&gt;&lt;/a&gt;</msg>
<msg timestamp="20230124 10:20:57.374" level="INFO">${result} = C:\Users\kamma.naveen\Documents\RoboCorp\Stardex\resultsc\2880 .png</msg>
<status status="PASS" starttime="20230124 10:20:57.096" endtime="20230124 10:20:57.374"/>
</kw>
<kw name="Get Text" library="RPA.Browser.Selenium">
<var>${status}</var>
<arg>//*[@id="wpcf7-f1759-p1756-o1"]/form/div[3]</arg>
<doc>Returns the text value of the element identified by ``locator``.</doc>
[...]
<status status="PASS" starttime="20230124 10:22:19.641" endtime="20230124 10:22:19.764"/>
</kw>
<kw name="Set Active Worksheet" library="RPA.Excel.Files">
<arg>Sheet1</arg>
<doc>Set the active worksheet.</doc>
<status status="PASS" starttime="20230124 10:22:19.764" endtime="20230124 10:22:19.764"/>
</kw>
<kw name="Set Cell Value" library="RPA.Excel.Files">
<arg>${row}</arg>
<arg>${index}</arg>
<arg>${op}</arg>
<doc>Set a cell value in the given worksheet.</doc>
<status status="PASS" starttime="20230124 10:22:19.769" endtime="20230124 10:22:19.769"/>
</kw>
<kw name="Evaluate" library="BuiltIn">
<var>${row}</var>
<arg>${row}+1</arg>
<doc>Evaluates the given expression in Python and returns the result.</doc>
<msg timestamp="20230124 10:22:19.769" level="INFO">${row} = 3</msg>
<status status="PASS" starttime="20230124 10:22:19.769" endtime="20230124 10:22:19.769"/>
</kw>
<kw name="Save Workbook" library="RPA.Excel.Files">
<doc>Save the active workbook.</doc>
<status status="PASS" starttime="20230124 10:22:19.769" endtime="20230124 10:22:19.865"/>
</kw>
<status status="PASS" starttime="20230124 10:22:19.641" endtime="20230124 10:22:19.866"/>
</iter>
<iter>
<var name="${op}">onboarded sucessfully</var>
<kw name="Open Workbook" library="RPA.Excel.Files">
<arg>C:${/}Users${/}kamma.naveen${/}Documents${/}RoboCorp${/}Stardex${/}OnBoarding Form.xlsx</arg>
<doc>Open an existing Excel workbook.</doc>
<msg timestamp="20230124 10:22:19.868" level="INFO">Closing workbook: &lt;RPA.Excel.Files.XlsxWorkbook object at 0x000001E8A996AD90&gt;</msg>
<msg timestamp="20230124 10:22:19.976" level="INFO">Opened workbook: &lt;RPA.Excel.Files.XlsxWorkbook object at 0x000001E8A996AD90&gt;</msg>
<status status="PASS" starttime="20230124 10:22:19.867" endtime="20230124 10:22:19.976"/>
</kw>
<kw name="Set Active Worksheet" library="RPA.Excel.Files">
<arg>Sheet1</arg>
<doc>Set the active worksheet.</doc>
<status status="PASS" starttime="20230124 10:22:19.976" endtime="20230124 10:22:19.976"/>
</kw>
<kw name="Set Cell Value" library="RPA.Excel.Files">
<arg>${row}</arg>
<arg>${index}</arg>
<arg>${op}</arg>
<doc>Set a cell value in the given worksheet.</doc>
<status status="PASS" starttime="20230124 10:22:19.976" endtime="20230124 10:22:19.976"/>
</kw>
<kw name="Evaluate" library="BuiltIn">
<var>${row}</var>
<arg>${row}+1</arg>
<doc>Evaluates the given expression in Python and returns the result.</doc>
<msg timestamp="20230124 10:22:19.989" level="INFO">${row} = 4</msg>
<status status="PASS" starttime="20230124 10:22:19.984" endtime="20230124 10:22:19.989"/>
</kw>
<kw name="Save Workbook" library="RPA.Excel.Files">
<doc>Save the active workbook.</doc>
<status status="PASS" starttime="20230124 10:22:19.990" endtime="20230124 10:22:20.107"/>
</kw>
<status status="PASS" starttime="20230124 10:22:19.866" endtime="20230124 10:22:20.108"/>
</iter>
<iter>
<var name="${op}">onboarded sucessfully</var>
<kw name="Open Workbook" library="RPA.Excel.Files">
<arg>C:${/}Users${/}kamma.naveen${/}Documents${/}RoboCorp${/}Stardex${/}OnBoarding Form.xlsx</arg>
<doc>Open an existing Excel workbook.</doc>
<msg timestamp="20230124 10:22:20.108" level="INFO">Closing workbook: &lt;RPA.Excel.Files.XlsxWorkbook object at 0x000001E8A996AD90&gt;</msg>
<msg timestamp="20230124 10:22:20.238" level="INFO">Opened workbook: &lt;RPA.Excel.Files.XlsxWorkbook object at 0x000001E8A996AD90&gt;</msg>
<status status="PASS" starttime="20230124 10:22:20.108" endtime="20230124 10:22:20.239"/>
</kw>
<kw name="Set Active Worksheet" library="RPA.Excel.Files">
<arg>Sheet1</arg>
<doc>Set the active worksheet.</doc>
<status status="PASS" starttime="20230124 10:22:20.239" endtime="20230124 10:22:20.240"/>
</kw>
<kw name="Set Cell Value" library="RPA.Excel.Files">
<arg>${row}</arg>
<arg>${index}</arg>
<arg>${op}</arg>
<doc>Set a cell value in the given worksheet.</doc>
<status status="PASS" starttime="20230124 10:22:20.241" endtime="20230124 10:22:20.242"/>
</kw>
<kw name="Evaluate" library="BuiltIn">
<var>${row}</var>
<arg>${row}+1</arg>
<doc>Evaluates the given expression in Python and returns the result.</doc>
<msg timestamp="20230124 10:22:20.243" level="INFO">${row} = 5</msg>
<status status="PASS" starttime="20230124 10:22:20.242" endtime="20230124 10:22:20.243"/>
</kw>
<kw name="Save Workbook" library="RPA.Excel.Files">
<doc>Save the active workbook.</doc>
<status status="PASS" starttime="20230124 10:22:20.244" endtime="20230124 10:22:20.360"/>
</kw>
<status status="PASS" starttime="20230124 10:22:20.108" endtime="20230124 10:22:20.360"/>
</iter>
<iter>
<var name="${op}">onboarded sucessfully</var>
<kw name="Open Workbook" library="RPA.Excel.Files">
<arg>C:${/}Users${/}kamma.naveen${/}Documents${/}RoboCorp${/}Stardex${/}OnBoarding Form.xlsx</arg>
<doc>Open an existing Excel workbook.</doc>
<msg timestamp="20230124 10:22:20.360" level="INFO">Closing workbook: &lt;RPA.Excel.Files.XlsxWorkbook object at 0x000001E8A996AD90&gt;</msg>
<msg timestamp="20230124 10:22:20.468" level="INFO">Opened workbook: &lt;RPA.Excel.Files.XlsxWorkbook object at 0x000001E8A9860670&gt;</msg>
<status status="PASS" starttime="20230124 10:22:20.360" endtime="20230124 10:22:20.476"/>
</kw>
<kw name="Set Active Worksheet" library="RPA.Excel.Files">
<arg>Sheet1</arg>
<doc>Set the active worksheet.</doc>
<status status="PASS" starttime="20230124 10:22:20.476" endtime="20230124 10:22:20.484"/>
</kw>
<kw name="Set Cell Value" library="RPA.Excel.Files">
<arg>${row}</arg>
<arg>${index}</arg>
<arg>${op}</arg>
<doc>Set a cell value in the given worksheet.</doc>
<status status="PASS" starttime="20230124 10:22:20.486" endtime="20230124 10:22:20.489"/>
</kw>
<kw name="Evaluate" library="BuiltIn">
<var>${row}</var>
<arg>${row}+1</arg>
<doc>Evaluates the given expression in Python and returns the result.</doc>
<msg timestamp="20230124 10:22:20.491" level="INFO">${row} = 6</msg>
<status status="PASS" starttime="20230124 10:22:20.490" endtime="20230124 10:22:20.491"/>
</kw>
<kw name="Save Workbook" library="RPA.Excel.Files">
<doc>Save the active workbook.</doc>
<status status="PASS" starttime="20230124 10:22:20.491" endtime="20230124 10:22:20.613"/>
</kw>
<status status="PASS" starttime="20230124 10:22:20.360" endtime="20230124 10:22:20.613"/>
</iter>
<iter>
<var name="${op}">onboarded sucessfully</var>
<kw name="Open Workbook" library="RPA.Excel.Files">
<arg>C:${/}Users${/}kamma.naveen${/}Documents${/}RoboCorp${/}Stardex${/}OnBoarding Form.xlsx</arg>
<doc>Open an existing Excel workbook.</doc>
<msg timestamp="20230124 10:22:20.617" level="INFO">Closing workbook: &lt;RPA.Excel.Files.XlsxWorkbook object at 0x000001E8A9860670&gt;</msg>
<msg timestamp="20230124 10:22:20.741" level="INFO">Opened workbook: &lt;RPA.Excel.Files.XlsxWorkbook object at 0x000001E8A9996A60&gt;</msg>
<status status="PASS" starttime="20230124 10:22:20.615" endtime="20230124 10:22:20.742"/>
</kw>
<kw name="Set Active Worksheet" library="RPA.Excel.Files">
<arg>Sheet1</arg>
<doc>Set the active worksheet.</doc>
<status status="PASS" starttime="20230124 10:22:20.743" endtime="20230124 10:22:20.743"/>
</kw>
<kw name="Set Cell Value" library="RPA.Excel.Files">
<arg>${row}</arg>
<arg>${index}</arg>
<arg>${op}</arg>
<doc>Set a cell value in the given worksheet.</doc>
<status status="PASS" starttime="20230124 10:22:20.743" endtime="20230124 10:22:20.745"/>
</kw>
<kw name="Evaluate" library="BuiltIn">
<var>${row}</var>
<arg>${row}+1</arg>
<doc>Evaluates the given expression in Python and returns the result.</doc>
<msg timestamp="20230124 10:22:20.745" level="INFO">${row} = 7</msg>
<status status="PASS" starttime="20230124 10:22:20.745" endtime="20230124 10:22:20.745"/>
</kw>
<kw name="Save Workbook" library="RPA.Excel.Files">
<doc>Save the active workbook.</doc>
<status status="PASS" starttime="20230124 10:22:20.745" endtime="20230124 10:22:20.844"/>
</kw>
<status status="PASS" starttime="20230124 10:22:20.614" endtime="20230124 10:22:20.847"/>
</iter>
<iter>
<var name="${op}">onboarded sucessfully</var>
<kw name="Open Workbook" library="RPA.Excel.Files">
<arg>C:${/}Users${/}kamma.naveen${/}Documents${/}RoboCorp${/}Stardex${/}OnBoarding Form.xlsx</arg>
<doc>Open an existing Excel workbook.</doc>
<msg timestamp="20230124 10:22:20.855" level="INFO">Closing workbook: &lt;RPA.Excel.Files.XlsxWorkbook object at 0x000001E8A9996A60&gt;</msg>
<msg timestamp="20230124 10:22:20.971" level="INFO">Opened workbook: &lt;RPA.Excel.Files.XlsxWorkbook object at 0x000001E8A9996A60&gt;</msg>
<status status="PASS" starttime="20230124 10:22:20.848" endtime="20230124 10:22:20.972"/>
</kw>
<kw name="Set Active Worksheet" library="RPA.Excel.Files">
<arg>Sheet1</arg>
<doc>Set the active worksheet.</doc>
<status status="PASS" starttime="20230124 10:22:20.986" endtime="20230124 10:22:20.992"/>
</kw>
<kw name="Set Cell Value" library="RPA.Excel.Files">
<arg>${row}</arg>
<arg>${index}</arg>
<arg>${op}</arg>
<doc>Set a cell value in the given worksheet.</doc>
<status status="PASS" starttime="20230124 10:22:20.992" endtime="20230124 10:22:20.992"/>
</kw>
<kw name="Evaluate" library="BuiltIn">
<var>${row}</var>
<arg>${row}+1</arg>
<doc>Evaluates the given expression in Python and returns the result.</doc>
<msg timestamp="20230124 10:22:20.992" level="INFO">${row} = 8</msg>
<status status="PASS" starttime="20230124 10:22:20.992" endtime="20230124 10:22:20.992"/>
</kw>
<kw name="Save Workbook" library="RPA.Excel.Files">
<doc>Save the active workbook.</doc>
<status status="PASS" starttime="20230124 10:22:20.992" endtime="20230124 10:22:21.294"/>
</kw>
<status status="PASS" starttime="20230124 10:22:20.847" endtime="20230124 10:22:21.295"/>
</iter>
<iter>
<var name="${op}">onboarded sucessfully</var>
<kw name="Open Workbook" library="RPA.Excel.Files">
<arg>C:${/}Users${/}kamma.naveen${/}Documents${/}RoboCorp${/}Stardex${/}OnBoarding Form.xlsx</arg>
<doc>Open an existing Excel workbook.</doc>
<msg timestamp="20230124 10:22:21.297" level="INFO">Closing workbook: &lt;RPA.Excel.Files.XlsxWorkbook object at 0x000001E8A9996A60&gt;</msg>
<msg timestamp="20230124 10:22:21.397" level="INFO">Opened workbook: &lt;RPA.Excel.Files.XlsxWorkbook object at 0x000001E8A984B940&gt;</msg>
<status status="PASS" starttime="20230124 10:22:21.297" endtime="20230124 10:22:21.406"/>
</kw>
<kw name="Set Active Worksheet" library="RPA.Excel.Files">
<arg>Sheet1</arg>
<doc>Set the active worksheet.</doc>
<status status="PASS" starttime="20230124 10:22:21.406" endtime="20230124 10:22:21.409"/>
</kw>
<kw name="Set Cell Value" library="RPA.Excel.Files">
<arg>${row}</arg>
<arg>${index}</arg>
<arg>${op}</arg>
<doc>Set a cell value in the given worksheet.</doc>
<status status="PASS" starttime="20230124 10:22:21.409" endtime="20230124 10:22:21.409"/>
</kw>
<kw name="Evaluate" library="BuiltIn">
<var>${row}</var>
<arg>${row}+1</arg>
<doc>Evaluates the given expression in Python and returns the result.</doc>
<msg timestamp="20230124 10:22:21.409" level="INFO">${row} = 9</msg>
<status status="PASS" starttime="20230124 10:22:21.409" endtime="20230124 10:22:21.409"/>
</kw>
<kw name="Save Workbook" library="RPA.Excel.Files">
<doc>Save the active workbook.</doc>
<status status="PASS" starttime="20230124 10:22:21.409" endtime="20230124 10:22:21.510"/>
</kw>
<status status="PASS" starttime="20230124 10:22:21.295" endtime="20230124 10:22:21.510"/>
</iter>
<iter>
<var name="${op}">onboarded sucessfully</var>
<kw name="Open Workbook" library="RPA.Excel.Files">
<arg>C:${/}Users${/}kamma.naveen${/}Documents${/}RoboCorp${/}Stardex${/}OnBoarding Form.xlsx</arg>
<doc>Open an existing Excel workbook.</doc>
<msg timestamp="20230124 10:22:21.512" level="INFO">Closing workbook: &lt;RPA.Excel.Files.XlsxWorkbook object at 0x000001E8A984B940&gt;</msg>
<msg timestamp="20230124 10:22:21.628" level="INFO">Opened workbook: &lt;RPA.Excel.Files.XlsxWorkbook object at 0x000001E8A98DB400&gt;</msg>
<status status="PASS" starttime="20230124 10:22:21.511" endtime="20230124 10:22:21.630"/>
</kw>
<kw name="Set Active Worksheet" library="RPA.Excel.Files">
<arg>Sheet1</arg>
<doc>Set the active worksheet.</doc>
<status status="PASS" starttime="20230124 10:22:21.630" endtime="20230124 10:22:21.630"/>
</kw>
<kw name="Set Cell Value" library="RPA.Excel.Files">
<arg>${row}</arg>
<arg>${index}</arg>
<arg>${op}</arg>
<doc>Set a cell value in the given worksheet.</doc>
<status status="PASS" starttime="20230124 10:22:21.630" endtime="20230124 10:22:21.630"/>
</kw>
<kw name="Evaluate" library="BuiltIn">
<var>${row}</var>
<arg>${row}+1</arg>
<doc>Evaluates the given expression in Python and returns the result.</doc>
<msg timestamp="20230124 10:22:21.630" level="INFO">${row} = 10</msg>
<status status="PASS" starttime="20230124 10:22:21.630" endtime="20230124 10:22:21.630"/>
</kw>
<kw name="Save Workbook" library="RPA.Excel.Files">
<doc>Save the active workbook.</doc>
<status status="PASS" starttime="20230124 10:22:21.640" endtime="20230124 10:22:21.742"/>
</kw>
<status status="PASS" starttime="20230124 10:22:21.511" endtime="20230124 10:22:21.744"/>
</iter>
<iter>
<var name="${op}">onboarded sucessfully</var>
<kw name="Open Workbook" library="RPA.Excel.Files">
<arg>C:${/}Users${/}kamma.naveen${/}Documents${/}RoboCorp${/}Stardex${/}OnBoarding Form.xlsx</arg>
<doc>Open an existing Excel workbook.</doc>
<msg timestamp="20230124 10:22:21.757" level="INFO">Closing workbook: &lt;RPA.Excel.Files.XlsxWorkbook object at 0x000001E8A98DB400&gt;</msg>
<msg timestamp="20230124 10:22:21.873" level="INFO">Opened workbook: &lt;RPA.Excel.Files.XlsxWorkbook object at 0x000001E8A9A345B0&gt;</msg>
<status status="PASS" starttime="20230124 10:22:21.752" endtime="20230124 10:22:21.877"/>
</kw>
<kw name="Set Active Worksheet" library="RPA.Excel.Files">
<arg>Sheet1</arg>
<doc>Set the active worksheet.</doc>
<status status="PASS" starttime="20230124 10:22:21.877" endtime="20230124 10:22:21.877"/>
</kw>
<kw name="Set Cell Value" library="RPA.Excel.Files">
<arg>${row}</arg>
<arg>${index}</arg>
<arg>${op}</arg>
<doc>Set a cell value in the given worksheet.</doc>
<status status="PASS" starttime="20230124 10:22:21.877" endtime="20230124 10:22:21.879"/>
</kw>
<kw name="Evaluate" library="BuiltIn">
<var>${row}</var>
<arg>${row}+1</arg>
<doc>Evaluates the given expression in Python and returns the result.</doc>
<msg timestamp="20230124 10:22:21.879" level="INFO">${row} = 11</msg>
<status status="PASS" starttime="20230124 10:22:21.879" endtime="20230124 10:22:21.879"/>
</kw>
<kw name="Save Workbook" library="RPA.Excel.Files">
<doc>Save the active workbook.</doc>
<status status="PASS" starttime="20230124 10:22:21.879" endtime="20230124 10:22:22.001"/>
</kw>
<status status="PASS" starttime="20230124 10:22:21.744" endtime="20230124 10:22:22.004"/>
</iter>
<iter>
<var name="${op}">onboarded sucessfully</var>
<kw name="Open Workbook" library="RPA.Excel.Files">
<arg>C:${/}Users${/}kamma.naveen${/}Documents${/}RoboCorp${/}Stardex${/}OnBoarding Form.xlsx</arg>
<doc>Open an existing Excel workbook.</doc>
<msg timestamp="20230124 10:22:22.006" level="INFO">Closing workbook: &lt;RPA.Excel.Files.XlsxWorkbook object at 0x000001E8A9A345B0&gt;</msg>
<msg timestamp="20230124 10:22:22.140" level="INFO">Opened workbook: &lt;RPA.Excel.Files.XlsxWorkbook object at 0x000001E8A6F0DCA0&gt;</msg>
<status status="PASS" starttime="20230124 10:22:22.006" endtime="20230124 10:22:22.141"/>
</kw>
<kw name="Set Active Worksheet" library="RPA.Excel.Files">
<arg>Sheet1</arg>
<doc>Set the active worksheet.</doc>
<status status="PASS" starttime="20230124 10:22:22.142" endtime="20230124 10:22:22.142"/>
</kw>
<kw name="Set Cell Value" library="RPA.Excel.Files">
<arg>${row}</arg>
<arg>${index}</arg>
<arg>${op}</arg>
<doc>Set a cell value in the given worksheet.</doc>
<status status="PASS" starttime="20230124 10:22:22.152" endtime="20230124 10:22:22.160"/>
</kw>
<kw name="Evaluate" library="BuiltIn">
<var>${row}</var>
<arg>${row}+1</arg>
<doc>Evaluates the given expression in Python and returns the result.</doc>
<msg timestamp="20230124 10:22:22.160" level="INFO">${row} = 12</msg>
<status status="PASS" starttime="20230124 10:22:22.160" endtime="20230124 10:22:22.160"/>
</kw>
<kw name="Save Workbook" library="RPA.Excel.Files">
<doc>Save the active workbook.</doc>
<status status="PASS" starttime="20230124 10:22:22.160" endtime="20230124 10:22:22.263"/>
</kw>
<status status="PASS" starttime="20230124 10:22:22.005" endtime="20230124 10:22:22.264"/>
</iter>
<iter>
<var name="${op}">onboarded sucessfully</var>
<kw name="Open Workbook" library="RPA.Excel.Files">
<arg>C:${/}Users${/}kamma.naveen${/}Documents${/}RoboCorp${/}Stardex${/}OnBoarding Form.xlsx</arg>
<doc>Open an existing Excel workbook.</doc>
<msg timestamp="20230124 10:22:22.265" level="INFO">Closing workbook: &lt;RPA.Excel.Files.XlsxWorkbook object at 0x000001E8A6F0DCA0&gt;</msg>
<msg timestamp="20230124 10:22:22.356" level="INFO">Opened workbook: &lt;RPA.Excel.Files.XlsxWorkbook object at 0x000001E8A6EE8730&gt;</msg>
<status status="PASS" starttime="20230124 10:22:22.265" endtime="20230124 10:22:22.356"/>
</kw>
<kw name="Set Active Worksheet" library="RPA.Excel.Files">
<arg>Sheet1</arg>
<doc>Set the active worksheet.</doc>
<status status="PASS" starttime="20230124 10:22:22.356" endtime="20230124 10:22:22.373"/>
</kw>
<kw name="Set Cell Value" library="RPA.Excel.Files">
<arg>${row}</arg>
<arg>${index}</arg>
<arg>${op}</arg>
<doc>Set a cell value in the given worksheet.</doc>
<status status="PASS" starttime="20230124 10:22:22.378" endtime="20230124 10:22:22.382"/>
</kw>
<kw name="Evaluate" library="BuiltIn">
<var>${row}</var>
<arg>${row}+1</arg>
<doc>Evaluates the given expression in Python and returns the result.</doc>
<msg timestamp="20230124 10:22:22.383" level="INFO">${row} = 13</msg>
<status status="PASS" starttime="20230124 10:22:22.383" endtime="20230124 10:22:22.387"/>
</kw>
<kw name="Save Workbook" library="RPA.Excel.Files">
<doc>Save the active workbook.</doc>
<status status="PASS" starttime="20230124 10:22:22.387" endtime="20230124 10:22:22.482"/>
</kw>
<status status="PASS" starttime="20230124 10:22:22.264" endtime="20230124 10:22:22.482"/>
</iter>
<status status="PASS" starttime="20230124 10:22:19.641" endtime="20230124 10:22:22.487"/>
</for>
<kw name="Close Browser" library="RPA.Browser.Selenium">
<doc>Closes the current browser.</doc>
<status status="PASS" starttime="20230124 10:22:22.488" endtime="20230124 10:22:25.751"/>
</kw>
<status status="PASS" starttime="20230124 10:20:26.700" endtime="20230124 10:22:25.752"/>
</branch>
<branch type="EXCEPT">
<kw name="Log" library="BuiltIn">
<arg>unable to process the flow due to poor conection</arg>
<doc>Logs the given message with the given level.</doc>
<status status="NOT RUN" starttime="20230124 10:22:25.754" endtime="20230124 10:22:25.755"/>
</kw>
<status status="NOT RUN" starttime="20230124 10:22:25.753" endtime="20230124 10:22:25.755"/>
</branch>
<status status="PASS" starttime="20230124 10:20:26.700" endtime="20230124 10:22:25.755"/>
</try>
<status status="PASS" starttime="20230124 10:20:26.663" endtime="20230124 10:22:25.757"/>
</test>
<doc>Onboarding consumer</doc>
<status status="PASS" starttime="20230124 10:20:14.465" endtime="20230124 10:22:25.762"/>
</suite>
<statistics>
<total>
<stat pass="1" fail="0" skip="0">All Tasks</stat>
</total>
<tag>
</tag>
<suite>
<stat pass="1" fail="0" skip="0" id="s1" name="Consumer">Consumer</stat>
</suite>
</statistics>
<errors>
<msg timestamp="20230124 10:20:24.107" level="WARN">Environment variable `RC_JAVA_ACCESS_BRIDGE_DLL` needs to be set to absolute path of `WindowsAccessBridge-64.dll`</msg>
</errors>
</robot>
